#
# There is insufficient memory for the Java Runtime Environment to continue.
# Native memory allocation (malloc) failed to allocate 2097152 bytes for AllocateHeap
# Possible reasons:
#   The system is out of physical RAM or swap space
#   The process is running with CompressedOops enabled, and the Java Heap may be blocking the growth of the native heap
# Possible solutions:
#   Reduce memory load on the system
#   Increase physical memory or swap space
#   Check if swap backing store is full
#   Decrease Java heap size (-Xmx/-Xms)
#   Decrease number of Java threads
#   Decrease Java thread stack sizes (-Xss)
#   Set larger code cache with -XX:ReservedCodeCacheSize=
#   JVM is running with Unscaled Compressed Oops mode in which the Java heap is
#     placed in the first 4GB address space. The Java Heap base address is the
#     maximum limit for the native heap growth. Please use -XX:HeapBaseMinAddress
#     to set the Java Heap base and to place the Java Heap above 4GB virtual address.
# This output file may be truncated or incomplete.
#
#  Out of Memory Error (allocation.cpp:44), pid=21152, tid=23600
#
# JRE version: OpenJDK Runtime Environment Temurin-17.0.8.1+1 (17.0.8.1+1) (build 17.0.8.1+1)
# Java VM: OpenJDK 64-Bit Server VM Temurin-17.0.8.1+1 (17.0.8.1+1, mixed mode, emulated-client, tiered, compressed oops, compressed class ptrs, g1 gc, windows-amd64)
# No core dump will be written. Minidumps are not enabled by default on client versions of Windows
#

---------------  S U M M A R Y ------------

Command Line: -XX:+HeapDumpOnOutOfMemoryError -Xmx1024m -Dsts.lsp.client=vscode -Dsts.log.file=/dev/null -XX:TieredStopAtLevel=1 -Xlog:jni+resolve=off -Dspring.config.location=file:c:\Users\DEV\.vscode\extensions\vmware.vscode-spring-boot-1.49.0\language-server\BOOT-INF\classes\application.properties org.springframework.ide.vscode.boot.app.BootLanguageServerBootApp

Host: Intel(R) Core(TM) i7-10510U CPU @ 1.80GHz, 8 cores, 7G,  Windows 11 , 64 bit Build 22621 (10.0.22621.2215)
Time: Mon Oct  2 13:41:14 2023 Paris, Madrid (heure duild 22621 (10.0.22621.2215) elapsed time: 56.328989 seconds (0d 0h 0m 56s)

---------------  T H R E A D  ---------------

Current thread (0x000001fef95a9e20):  VMThread "VM Thread" [stack: 0x0000000b2c400000,0x0000000b2c500000] [id=23600]

Stack: [0x0000000b2c400000,0x0000000b2c500000]
Native frames: (J=compiled Java code, j=interpreted, Vv=VM code, C=native code)
V  [jvm.dll+0x678b0a]
V  [jvm.dll+0x835e84]
V  [jvm.dll+0x83762e]
V  [jvm.dll+0x837c93]
V  [jvm.dll+0x24746f]
V  [jvm.dll+0xa697b]
V  [jvm.dll+0x2f7f41]
V  [jvm.dll+0x2f3b80]
V  [jvm.dll+0x2dc1c7]
V  [jvm.dll+0x31f227]
V  [jvm.dll+0x83c15b]
V  [jvm.dll+0x83ce94]
V  [jvm.dll+0x83d3ac]
V  [jvm.dll+0x83d784]
V  [jvm.dll+0x83d850]
V  [jvm.dll+0x7e64ca]
V  [jvm.dll+0x677955]
C  [ucrtbase.dll+0x29363]
C  [KERNEL32.DLL+0x1257d]
C  [ntdll.dll+0x5aa68]

VM_Operation (0x0000000b2daff1b0): G1CollectFull, mode: safepoint, requested by thread 0x000001feff1a62d0


---------------  P R O C E S S  ---------------

Threads class SMR info:
_java_thread_list=0x000001feff11e410, length=21, elements={
0x000001fef95bf380, 0x000001fef95c0200, 0x000001fef95e74e0, 0x000001fef95e7fb0,
0x000001fef95e8a80, 0x000001fef95e9350, 0x000001fef972f590, 0x000001fef97382b0,
0x000001fef992c230, 0x000001fef993af90, 0x000001feff2b9850, 0x000001feff1a62d0,
0x000001feff242180, 0x000001feee7aea10, 0x000001fefe5a9060, 0x000001fefe778c80,
0x000001fefe779970, 0x000001feff3ae4f0, 0x000001feff3af930, 0x000001feff3afe40,
0x000001feff3aea00
}

Java Threads: ( => current thread )
  0x000001fef95bf380 JavaThread "Reference Handler" daemon [_thread_blocked, id=24036, stack(0x0000000b2c500000,0x0000000b2c600000)]
  0x000001fef95c0200 JavaThread "Finalizer" daemon [_thread_blocked, id=24516, stack(0x0000000b2c600000,0x0000000b2c700000)]
  0x000001fef95e74e0 JavaThread "Signal Dispatcher" daemon [_thread_blocked, id=16928, stack(0x0000000b2c700000,0x0000000b2c800000)]
  0x000001fef95e7fb0 JavaThread "Attach Listener" daemon [_thread_blocked, id=22508, stack(0x0000000b2c800000,0x0000000b2c900000)]
  0x000001fef95e8a80 JavaThread "Service Thread" daemon [_thread_blocked, id=22072, stack(0x0000000b2c900000,0x0000000b2ca00000)]
  0x000001fef95e9350 JavaThread "Monitor Deflation Thread" daemon [_thread_blocked, id=16036, stack(0x0000000b2ca00000,0x0000000b2cb00000)]
  0x000001fef972f590 JavaThread "C1 CompilerThread0" daemon [_thread_blocked, id=8796, stack(0x0000000b2cb00000,0x0000000b2cc00000)]
  0x000001fef97382b0 JavaThread "Sweeper thread" daemon [_thread_blocked, id=11752, stack(0x0000000b2cc00000,0x0000000b2cd00000)]
  0x000001fef992c230 JavaThread "Notification Thread" daemon [_thread_blocked, id=14456, stack(0x0000000b2ce00000,0x0000000b2cf00000)]
  0x000001fef993af90 JavaThread "Common-Cleaner" daemon [_thread_blocked, id=12776, stack(0x0000000b2d000000,0x0000000b2d100000)]
  0x000001feff2b9850 JavaThread "boundedElastic-evictor-1" daemon [_thread_blocked, id=8028, stack(0x0000000b2d800000,0x0000000b2d900000)]
  0x000001feff1a62d0 JavaThread "pool-11-thread-1" [_thread_blocked, id=24332, stack(0x0000000b2da00000,0x0000000b2db00000)]
  0x000001feff242180 JavaThread "LanguageServerApp-lifecycle" [_thread_blocked, id=5732, stack(0x0000000b2db00000,0x0000000b2dc00000)]
  0x000001feee7aea10 JavaThread "DestroyJavaVM" [_thread_blocked, id=13824, stack(0x0000000b2be00000,0x0000000b2bf00000)]
  0x000001fefe5a9060 JavaThread "pool-12-thread-1" [_thread_in_native, id=14924, stack(0x0000000b2dc00000,0x0000000b2dd00000)]
  0x000001fefe778c80 JavaThread "Simple-Language-Server main thread" daemon [_thread_blocked, id=22928, stack(0x0000000b2dd00000,0x0000000b2de00000)]
  0x000001fefe779970 JavaThread "pool-7-thread-1" [_thread_blocked, id=21712, stack(0x0000000b2de00000,0x0000000b2df00000)]
  0x000001feff3ae4f0 JavaThread "parallel-1" daemon [_thread_blocked, id=15396, stack(0x0000000b2df00000,0x0000000b2e000000)]
  0x000001feff3af930 JavaThread "pool-4-thread-1" [_thread_blocked, id=440, stack(0x0000000b2e000000,0x0000000b2e100000)]
  0x000001feff3afe40 JavaThread "ForkJoinPool.commonPool-worker-1" daemon [_thread_blocked, id=16088, stack(0x0000000b2e100000,0x0000000b2e200000)]
  0x000001feff3aea00 JavaThread "Reconciler-1" daemon [_thread_blocked, id=19728, stack(0x0000000b2e200000,0x0000000b2e300000)]

Other Threads:
=>0x000001fef95a9e20 VMThread "VM Thread" [stack: 0x0000000b2c400000,0x0000000b2c500000] [id=23600]
  0x000001fef9930730 WatcherThread [stack: 0x0000000b2cf00000,0x0000000b2d000000] [id=20136]
  0x000001feee7ec870 GCTaskThread "GC Thread#0" [stack: 0x0000000b2bf00000,0x0000000b2c000000] [id=11148]
  0x000001fefe7db030 GCTaskThread "GC Thread#1" [stack: 0x0000000b2d100000,0x0000000b2d200000] [id=2568]
  0x000001fefe7fec40 GCTaskThread "GC Thread#2" [stack: 0x0000000b2d200000,0x0000000b2d300000] [id=23424]
  0x000001fefe8699b0 GCTaskThread "GC Thread#3" [stack: 0x0000000b2d300000,0x0000000b2d400000] [id=22868]
  0x000001fefe8c0bd0 GCTaskThread "GC Thread#4" [stack: 0x0000000b2d400000,0x0000000b2d500000] [id=3248]
  0x000001fefe8c0e90 GCTaskThread "GC Thread#5" [stack: 0x0000000b2d500000,0x0000000b2d600000] [id=16032]
  0x000001fefe904230 GCTaskThread "GC Thread#6" [stack: 0x0000000b2d600000,0x0000000b2d700000] [id=14928]
  0x000001fefe9044f0 GCTaskThread "GC Thread#7" [stack: 0x0000000b2d700000,0x0000000b2d800000] [id=9884]
  0x000001feee7f57c0 ConcurrentGCThread "G1 Main Marker" [stack: 0x0000000b2c000000,0x0000000b2c100000] [id=21716]
  0x000001feee7f6970 ConcurrentGCThread "G1 Conc#0" [stack: 0x0000000b2c100000,0x0000000b2c200000] [id=5580]
  0x000001fefecc8450 ConcurrentGCThread "G1 Conc#1" [stack: 0x0000000b2d900000,0x0000000b2da00000] [id=24256]
  0x000001fef94184e0 ConcurrentGCThread "G1 Refine#0" [stack: 0x0000000b2c200000,0x0000000b2c300000] [id=17424]
  0x000001fef9418f10 ConcurrentGCThread "G1 Service" [stack: 0x0000000b2c300000,0x0000000b2c400000] [id=23308]

Threads with active compile tasks:

VM state: at safepoint (normal execution)

VM Mutex/Monitor currently owned by a thread:  ([mutex/lock_event])
[0x000001feec6f87a0] Threads_lock - owner thread: 0x000001fef95a9e20
[0x000001feee7ac430] Heap_lock - owner thread: 0x000001feff1a62d0

Heap address: 0x00000000c0000000, size: 1024 MB, Compressed Oops mode: 32-bit

CDS archive(s) not mapped
Compressed class space mapped at: 0x0000000100000000-0x0000000140000000, reserved size: 1073741824
Narrow klass base: 0x0000000000000000, Narrow klass shift: 3, Narrow klass range: 0x140000000

GC Precious Log:
 CPUs: 8 total, 8 available
 Memory: 7976M
 Large Page Support: Disabled
 NUMA Support: Disabled
 Compressed Oops: Enabled (32-bit)
 Heap Region Size: 1M
 Heap Min Capacity: 8M
 Heap Initial Capacity: 126M
 Heap Max Capacity: 1G
 Pre-touch: Disabled
 Parallel Workers: 8
 Concurrent Workers: 2
 Concurrent Refinement Workers: 8
 Periodic GC: Disabled

Heap:
 garbage-first heap   total 67584K, used 20941K [0x00000000c0000000, 0x0000000100000000)
  region size 1024K, 1 young (1024K), 0 survivors (0K)
 Metaspace       used 38327K, committed 38720K, reserved 1114112K
  class space    used 5068K, committed 5248K, reserved 1048576K

Heap Regions: E=young(eden), S=young(survivor), O=old, HS=humongous(starts), HC=humongous(continues), CS=collection set, F=free, OA=open archive, CA=closed archive, TAMS=top-at-mark-start (previous, next)
|   0|0x00000000c0000000, 0x00000000c00fd930, 0x00000000c0100000| 99%| O|  |TAMS 0x00000000c0000000, 0x00000000c0000000| Untracked 
|   1|0x00000000c0100000, 0x00000000c0200000, 0x00000000c0200000|100%| O|  |TAMS 0x00000000c0200000, 0x00000000c0100000| Untracked 
|   2|0x00000000c0200000, 0x00000000c0300000, 0x00000000c0300000|100%| O|  |TAMS 0x00000000c0300000, 0x00000000c0200000| Untracked 
|   3|0x00000000c0300000, 0x00000000c0400000, 0x00000000c0400000|100%| O|  |TAMS 0x00000000c0400000, 0x00000000c0300000| Untracked 
|   4|0x00000000c0400000, 0x00000000c04fffe8, 0x00000000c0500000| 99%| O|  |TAMS 0x00000000c0400000, 0x00000000c0400000| Untracked 
|   5|0x00000000c0500000, 0x00000000c0600000, 0x00000000c0600000|100%| O|  |TAMS 0x00000000c0600000, 0x00000000c0500000| Untracked 
|   6|0x00000000c0600000, 0x00000000c06ffff8, 0x00000000c0700000| 99%| O|  |TAMS 0x00000000c0600000, 0x00000000c0600000| Untracked 
|   7|0x00000000c0700000, 0x00000000c0800000, 0x00000000c0800000|100%| O|  |TAMS 0x00000000c0700000, 0x00000000c0700000| Untracked 
|   8|0x00000000c0800000, 0x00000000c0900000, 0x00000000c0900000|100%| O|  |TAMS 0x00000000c0900000, 0x00000000c0800000| Untracked 
|   9|0x00000000c0900000, 0x00000000c09ffff0, 0x00000000c0a00000| 99%| O|  |TAMS 0x00000000c0900000, 0x00000000c0900000| Untracked 
|  10|0x00000000c0a00000, 0x00000000c0b00000, 0x00000000c0b00000|100%| O|  |TAMS 0x00000000c0b00000, 0x00000000c0a00000| Untracked 
|  11|0x00000000c0b00000, 0x00000000c0c00000, 0x00000000c0c00000|100%| O|  |TAMS 0x00000000c0c00000, 0x00000000c0b00000| Untracked 
|  12|0x00000000c0c00000, 0x00000000c0d00000, 0x00000000c0d00000|100%| O|  |TAMS 0x00000000c0d00000, 0x00000000c0c00000| Untracked 
|  13|0x00000000c0d00000, 0x00000000c0e00000, 0x00000000c0e00000|100%| O|  |TAMS 0x00000000c0e00000, 0x00000000c0d00000| Untracked 
|  14|0x00000000c0e00000, 0x00000000c0f00000, 0x00000000c0f00000|100%| O|  |TAMS 0x00000000c0f00000, 0x00000000c0e00000| Untracked 
|  15|0x00000000c0f00000, 0x00000000c0ffffd0, 0x00000000c1000000| 99%| O|  |TAMS 0x00000000c0f00000, 0x00000000c0f00000| Untracked 
|  16|0x00000000c1000000, 0x00000000c10fffc8, 0x00000000c1100000| 99%| O|  |TAMS 0x00000000c1000000, 0x00000000c1000000| Untracked 
|  17|0x00000000c1100000, 0x00000000c11d1710, 0x00000000c1200000| 81%| O|  |TAMS 0x00000000c1100000, 0x00000000c1100000| Untracked 
|  18|0x00000000c1200000, 0x00000000c12377f8, 0x00000000c1300000| 21%| O|  |TAMS 0x00000000c1200000, 0x00000000c1200000| Untracked 
|  19|0x00000000c1300000, 0x00000000c1400000, 0x00000000c1400000|100%| O|  |TAMS 0x00000000c1400000, 0x00000000c1300000| Untracked 
|  20|0x00000000c1400000, 0x00000000c14c9470, 0x00000000c1500000| 78%| O|  |TAMS 0x00000000c1400000, 0x00000000c1400000| Untracked 
|  21|0x00000000c1500000, 0x00000000c15a3b00, 0x00000000c1600000| 63%| O|  |TAMS 0x00000000c1500000, 0x00000000c1500000| Untracked 
|  22|0x00000000c1600000, 0x00000000c1600000, 0x00000000c1700000|  0%| F|  |TAMS 0x00000000c1600000, 0x00000000c1600000| Untracked 
|  23|0x00000000c1700000, 0x00000000c1700000, 0x00000000c1800000|  0%| F|  |TAMS 0x00000000c1700000, 0x00000000c1700000| Untracked 
|  24|0x00000000c1800000, 0x00000000c1800000, 0x00000000c1900000|  0%| F|  |TAMS 0x00000000c1800000, 0x00000000c1800000| Untracked 
|  25|0x00000000c1900000, 0x00000000c1900000, 0x00000000c1a00000|  0%| F|  |TAMS 0x00000000c1900000, 0x00000000c1900000| Untracked 
|  26|0x00000000c1a00000, 0x00000000c1a00000, 0x00000000c1b00000|  0%| F|  |TAMS 0x00000000c1a00000, 0x00000000c1a00000| Untracked 
|  27|0x00000000c1b00000, 0x00000000c1b00000, 0x00000000c1c00000|  0%| F|  |TAMS 0x00000000c1b00000, 0x00000000c1b00000| Untracked 
|  28|0x00000000c1c00000, 0x00000000c1c00000, 0x00000000c1d00000|  0%| F|  |TAMS 0x00000000c1c00000, 0x00000000c1c00000| Untracked 
|  29|0x00000000c1d00000, 0x00000000c1d00000, 0x00000000c1e00000|  0%| F|  |TAMS 0x00000000c1d00000, 0x00000000c1d00000| Untracked 
|  30|0x00000000c1e00000, 0x00000000c1e00000, 0x00000000c1f00000|  0%| F|  |TAMS 0x00000000c1e00000, 0x00000000c1e00000| Untracked 
|  31|0x00000000c1f00000, 0x00000000c1f00000, 0x00000000c2000000|  0%| F|  |TAMS 0x00000000c1f00000, 0x00000000c1f00000| Untracked 
|  32|0x00000000c2000000, 0x00000000c2000000, 0x00000000c2100000|  0%| F|  |TAMS 0x00000000c2000000, 0x00000000c2000000| Untracked 
|  33|0x00000000c2100000, 0x00000000c2100000, 0x00000000c2200000|  0%| F|  |TAMS 0x00000000c2100000, 0x00000000c2100000| Untracked 
|  34|0x00000000c2200000, 0x00000000c2200000, 0x00000000c2300000|  0%| F|  |TAMS 0x00000000c2200000, 0x00000000c2200000| Untracked 
|  35|0x00000000c2300000, 0x00000000c2300000, 0x00000000c2400000|  0%| F|  |TAMS 0x00000000c2300000, 0x00000000c2300000| Untracked 
|  36|0x00000000c2400000, 0x00000000c2400000, 0x00000000c2500000|  0%| F|  |TAMS 0x00000000c2400000, 0x00000000c2400000| Untracked 
|  37|0x00000000c2500000, 0x00000000c2500000, 0x00000000c2600000|  0%| F|  |TAMS 0x00000000c2500000, 0x00000000c2500000| Untracked 
|  38|0x00000000c2600000, 0x00000000c2600000, 0x00000000c2700000|  0%| F|  |TAMS 0x00000000c2600000, 0x00000000c2600000| Untracked 
|  39|0x00000000c2700000, 0x00000000c2700000, 0x00000000c2800000|  0%| F|  |TAMS 0x00000000c2700000, 0x00000000c2700000| Untracked 
|  40|0x00000000c2800000, 0x00000000c2800000, 0x00000000c2900000|  0%| F|  |TAMS 0x00000000c2800000, 0x00000000c2800000| Untracked 
|  41|0x00000000c2900000, 0x00000000c2900000, 0x00000000c2a00000|  0%| F|  |TAMS 0x00000000c2900000, 0x00000000c2900000| Untracked 
|  42|0x00000000c2a00000, 0x00000000c2a00000, 0x00000000c2b00000|  0%| F|  |TAMS 0x00000000c2a00000, 0x00000000c2a00000| Untracked 
|  43|0x00000000c2b00000, 0x00000000c2b00000, 0x00000000c2c00000|  0%| F|  |TAMS 0x00000000c2b00000, 0x00000000c2b00000| Untracked 
|  44|0x00000000c2c00000, 0x00000000c2c00000, 0x00000000c2d00000|  0%| F|  |TAMS 0x00000000c2c00000, 0x00000000c2c00000| Untracked 
|  45|0x00000000c2d00000, 0x00000000c2d00000, 0x00000000c2e00000|  0%| F|  |TAMS 0x00000000c2d00000, 0x00000000c2d00000| Untracked 
|  46|0x00000000c2e00000, 0x00000000c2e00000, 0x00000000c2f00000|  0%| F|  |TAMS 0x00000000c2e00000, 0x00000000c2e00000| Untracked 
|  47|0x00000000c2f00000, 0x00000000c2f00000, 0x00000000c3000000|  0%| F|  |TAMS 0x00000000c2f00000, 0x00000000c2f00000| Untracked 
|  48|0x00000000c3000000, 0x00000000c3000000, 0x00000000c3100000|  0%| F|  |TAMS 0x00000000c3000000, 0x00000000c3000000| Untracked 
|  49|0x00000000c3100000, 0x00000000c3100000, 0x00000000c3200000|  0%| F|  |TAMS 0x00000000c3100000, 0x00000000c3100000| Untracked 
|  50|0x00000000c3200000, 0x00000000c3200000, 0x00000000c3300000|  0%| F|  |TAMS 0x00000000c3200000, 0x00000000c3200000| Untracked 
|  51|0x00000000c3300000, 0x00000000c3300000, 0x00000000c3400000|  0%| F|  |TAMS 0x00000000c3300000, 0x00000000c3300000| Untracked 
|  52|0x00000000c3400000, 0x00000000c3400000, 0x00000000c3500000|  0%| F|  |TAMS 0x00000000c3400000, 0x00000000c3400000| Untracked 
|  53|0x00000000c3500000, 0x00000000c3500000, 0x00000000c3600000|  0%| F|  |TAMS 0x00000000c3500000, 0x00000000c3500000| Untracked 
|  54|0x00000000c3600000, 0x00000000c3600000, 0x00000000c3700000|  0%| F|  |TAMS 0x00000000c3600000, 0x00000000c3600000| Untracked 
|  55|0x00000000c3700000, 0x00000000c3700000, 0x00000000c3800000|  0%| F|  |TAMS 0x00000000c3700000, 0x00000000c3700000| Untracked 
|  56|0x00000000c3800000, 0x00000000c3800000, 0x00000000c3900000|  0%| F|  |TAMS 0x00000000c3800000, 0x00000000c3800000| Untracked 
|  57|0x00000000c3900000, 0x00000000c3900000, 0x00000000c3a00000|  0%| F|  |TAMS 0x00000000c3900000, 0x00000000c3900000| Untracked 
|  58|0x00000000c3a00000, 0x00000000c3a00000, 0x00000000c3b00000|  0%| F|  |TAMS 0x00000000c3a00000, 0x00000000c3a00000| Untracked 
|  59|0x00000000c3b00000, 0x00000000c3b00000, 0x00000000c3c00000|  0%| F|  |TAMS 0x00000000c3b00000, 0x00000000c3b00000| Untracked 
|  94|0x00000000c5e00000, 0x00000000c5e00000, 0x00000000c5f00000|  0%| F|  |TAMS 0x00000000c5e00000, 0x00000000c5e00000| Untracked 
|  99|0x00000000c6300000, 0x00000000c6300000, 0x00000000c6400000|  0%| F|  |TAMS 0x00000000c6300000, 0x00000000c6300000| Untracked 
| 100|0x00000000c6400000, 0x00000000c6400000, 0x00000000c6500000|  0%| F|  |TAMS 0x00000000c6400000, 0x00000000c6400000| Untracked 
| 101|0x00000000c6500000, 0x00000000c6500000, 0x00000000c6600000|  0%| F|  |TAMS 0x00000000c6500000, 0x00000000c6500000| Untracked 
| 102|0x00000000c6600000, 0x00000000c6600000, 0x00000000c6700000|  0%| F|  |TAMS 0x00000000c6600000, 0x00000000c6600000| Untracked 
| 125|0x00000000c7d00000, 0x00000000c7d2c650, 0x00000000c7e00000| 17%| E|  |TAMS 0x00000000c7d00000, 0x00000000c7d00000| Complete 

Card table byte_map: [0x000001fef4720000,0x000001fef4920000] _byte_map_base: 0x000001fef4120000

Marking Bits (Prev, Next): (CMBitMap*) 0x000001feee7eced0, (CMBitMap*) 0x000001feee7ece90
 Prev Bits: [0x000001fef5b20000, 0x000001fef6b20000)
 Next Bits: [0x000001fef4b20000, 0x000001fef5b20000)

Polling page: 0x000001feec680000

Metaspace:

Usage:
  Non-class:     32.48 MB used.
      Class:      4.95 MB used.
       Both:     37.43 MB used.

Virtual space:
  Non-class space:       64.00 MB reserved,      32.69 MB ( 51%) committed,  1 nodes.
      Class space:        1.00 GB reserved,       5.12 MB ( <1%) committed,  1 nodes.
             Both:        1.06 GB reserved,      37.81 MB (  3%) committed. 

Chunk freelists:
   Non-Class:  14.62 MB
       Class:  10.79 MB
        Both:  25.41 MB

MaxMetaspaceSize: unlimited
CompressedClassSpaceSize: 1.00 GB
Initial GC threshold: 21.00 MB
Current GC threshold: 63.06 MB
CDS: off
MetaspaceReclaimPolicy: balanced
 - commit_granule_bytes: 65536.
 - commit_granule_words: 8192.
 - virtual_space_node_default_size: 8388608.
 - enlarge_chunks_in_place: 1.
 - new_chunks_are_fully_committed: 0.
 - uncommit_free_chunks: 1.
 - use_allocation_guard: 0.
 - handle_deallocations: 1.


Internal statistics:

num_allocs_failed_limit: 8.
num_arena_births: 474.
num_arena_deaths: 0.
num_vsnodes_births: 2.
num_vsnodes_deaths: 0.
num_space_committed: 605.
num_space_uncommitted: 0.
num_chunks_returned_to_freelist: 8.
num_chunks_taken_from_freelist: 1616.
num_chunk_merges: 8.
num_chunk_splits: 1112.
num_chunks_enlarged: 831.
num_inconsistent_stats: 0.

CodeCache: size=49152Kb used=6546Kb max_used=7107Kb free=42606Kb
 bounds [0x000001fef1410000, 0x000001fef1b10000, 0x000001fef4410000]
 total_blobs=4025 nmethods=3486 adapters=466
 compilation: enabled
              stopped_count=0, restarted_count=0
 full_count=0

Compilation events (20 events):
Event: 6.630 Thread 0x000001fef99200a0 3472       1       jdk.internal.reflect.DelegatingMethodAccessorImpl::setDelegate (6 bytes)
Event: 6.631 Thread 0x000001fef99200a0 nmethod 3472 0x000001fef1afcc90 code [0x000001fef1afce20, 0x000001fef1afcf38]
Event: 6.631 Thread 0x000001fef99200a0 3473       1       com.google.gson.internal.$Gson$Types$ParameterizedTypeImpl::getOwnerType (5 bytes)
Event: 6.631 Thread 0x000001fef99200a0 nmethod 3473 0x000001fef1afcf90 code [0x000001fef1afd120, 0x000001fef1afd1f8]
Event: 6.631 Thread 0x000001fef99200a0 3474       1       java.lang.reflect.Field::set (30 bytes)
Event: 6.631 Thread 0x000001fef972f590 3475       1       jdk.internal.reflect.UnsafeObjectFieldAccessorImpl::set (56 bytes)
Event: 6.632 Thread 0x000001fef99200a0 nmethod 3474 0x000001fef1afd290 code [0x000001fef1afd460, 0x000001fef1afd658]
Event: 6.632 Thread 0x000001fef972f590 nmethod 3475 0x000001fef1afd790 code [0x000001fef1afd9e0, 0x000001fef1afdfa8]
Event: 6.635 Thread 0x000001fef972f590 3477       1       com.google.gson.stream.JsonReader::nextName (116 bytes)
Event: 6.636 Thread 0x000001fef972f590 nmethod 3477 0x000001fef1afe710 code [0x000001fef1afe960, 0x000001fef1afef48]
Event: 6.648 Thread 0x000001fef972f590 3479  s    1       java.lang.StringBuffer::append (13 bytes)
Event: 6.648 Thread 0x000001fef99200a0 3480       1       java.io.StringWriter::write (10 bytes)
Event: 6.648 Thread 0x000001fef972f590 nmethod 3479 0x000001fef1aff590 code [0x000001fef1aff720, 0x000001fef1aff8e8]
Event: 6.648 Thread 0x000001fef99200a0 nmethod 3480 0x000001fef1aff990 code [0x000001fef1affb40, 0x000001fef1affd28]
Event: 7.022 Thread 0x000001fef99200a0 3481       1       org.eclipse.lsp4j.jsonrpc.json.adapters.TypeUtils::isTwoTuple (39 bytes)
Event: 7.023 Thread 0x000001fef99200a0 nmethod 3481 0x000001fef1affe10 code [0x000001fef1afffe0, 0x000001fef1b00268]
Event: 7.023 Thread 0x000001fef99200a0 3482       1       jdk.internal.reflect.MethodAccessorImpl::<init> (5 bytes)
Event: 7.023 Thread 0x000001fef99200a0 nmethod 3482 0x000001fef1b00390 code [0x000001fef1b00520, 0x000001fef1b005d8]
Event: 7.243 Thread 0x000001fef99200a0 3484       1       java.net.URI$Parser::at (23 bytes)
Event: 7.243 Thread 0x000001fef99200a0 nmethod 3484 0x000001fef1b00990 code [0x000001fef1b00b40, 0x000001fef1b00d78]

GC Heap History (18 events):
Event: 1.741 GC heap before
{Heap before GC invocations=0 (full 0):
 garbage-first heap   total 129024K, used 22528K [0x00000000c0000000, 0x0000000100000000)
  region size 1024K, 23 young (23552K), 0 survivors (0K)
 Metaspace       used 8926K, committed 9024K, reserved 1114112K
  class space    used 1042K, committed 1088K, reserved 1048576K
}
Event: 1.757 GC heap after
{Heap after GC invocations=1 (full 0):
 garbage-first heap   total 129024K, used 9284K [0x00000000c0000000, 0x0000000100000000)
  region size 1024K, 3 young (3072K), 3 survivors (3072K)
 Metaspace       used 8926K, committed 9024K, reserved 1114112K
  class space    used 1042K, committed 1088K, reserved 1048576K
}
Event: 2.987 GC heap before
{Heap before GC invocations=1 (full 0):
 garbage-first heap   total 129024K, used 32836K [0x00000000c0000000, 0x0000000100000000)
  region size 1024K, 27 young (27648K), 3 survivors (3072K)
 Metaspace       used 15983K, committed 16192K, reserved 1114112K
  class space    used 1983K, committed 2048K, reserved 1048576K
}
Event: 2.998 GC heap after
{Heap after GC invocations=2 (full 0):
 garbage-first heap   total 129024K, used 12856K [0x00000000c0000000, 0x0000000100000000)
  region size 1024K, 4 young (4096K), 4 survivors (4096K)
 Metaspace       used 15983K, committed 16192K, reserved 1114112K
  class space    used 1983K, committed 2048K, reserved 1048576K
}
Event: 3.497 GC heap before
{Heap before GC invocations=2 (full 0):
 garbage-first heap   total 129024K, used 34360K [0x00000000c0000000, 0x0000000100000000)
  region size 1024K, 27 young (27648K), 4 survivors (4096K)
 Metaspace       used 21348K, committed 21504K, reserved 1114112K
  class space    used 2617K, committed 2688K, reserved 1048576K
}
Event: 3.505 GC heap after
{Heap after GC invocations=3 (full 0):
 garbage-first heap   total 129024K, used 14348K [0x00000000c0000000, 0x0000000100000000)
  region size 1024K, 5 young (5120K), 5 survivors (5120K)
 Metaspace       used 21348K, committed 21504K, reserved 1114112K
  class space    used 2617K, committed 2688K, reserved 1048576K
}
Event: 3.978 GC heap before
{Heap before GC invocations=4 (full 0):
 garbage-first heap   total 55296K, used 37900K [0x00000000c0000000, 0x0000000100000000)
  region size 1024K, 30 young (30720K), 5 survivors (5120K)
 Metaspace       used 26877K, committed 27136K, reserved 1114112K
  class space    used 3354K, committed 3520K, reserved 1048576K
}
Event: 3.991 GC heap after
{Heap after GC invocations=5 (full 0):
 garbage-first heap   total 55296K, used 16030K [0x00000000c0000000, 0x0000000100000000)
  region size 1024K, 4 young (4096K), 4 survivors (4096K)
 Metaspace       used 26877K, committed 27136K, reserved 1114112K
  class space    used 3354K, committed 3520K, reserved 1048576K
}
Event: 4.543 GC heap before
{Heap before GC invocations=5 (full 0):
 garbage-first heap   total 55296K, used 35486K [0x00000000c0000000, 0x0000000100000000)
  region size 1024K, 23 young (23552K), 4 survivors (4096K)
 Metaspace       used 29168K, committed 29504K, reserved 1114112K
  class space    used 3649K, committed 3776K, reserved 1048576K
}
Event: 4.555 GC heap after
{Heap after GC invocations=6 (full 0):
 garbage-first heap   total 55296K, used 17902K [0x00000000c0000000, 0x0000000100000000)
  region size 1024K, 2 young (2048K), 2 survivors (2048K)
 Metaspace       used 29168K, committed 29504K, reserved 1114112K
  class space    used 3649K, committed 3776K, reserved 1048576K
}
Event: 5.003 GC heap before
{Heap before GC invocations=6 (full 0):
 garbage-first heap   total 55296K, used 35310K [0x00000000c0000000, 0x0000000100000000)
  region size 1024K, 20 young (20480K), 2 survivors (2048K)
 Metaspace       used 31683K, committed 32064K, reserved 1114112K
  class space    used 4019K, committed 4160K, reserved 1048576K
}
Event: 5.019 GC heap after
{Heap after GC invocations=7 (full 0):
 garbage-first heap   total 55296K, used 21247K [0x00000000c0000000, 0x0000000100000000)
  region size 1024K, 3 young (3072K), 3 survivors (3072K)
 Metaspace       used 31683K, committed 32064K, reserved 1114112K
  class space    used 4019K, committed 4160K, reserved 1048576K
}
Event: 5.707 GC heap before
{Heap before GC invocations=7 (full 0):
 garbage-first heap   total 55296K, used 37631K [0x00000000c0000000, 0x0000000100000000)
  region size 1024K, 19 young (19456K), 3 survivors (3072K)
 Metaspace       used 34835K, committed 35136K, reserved 1114112K
  class space    used 4481K, committed 4608K, reserved 1048576K
}
Event: 5.720 GC heap after
{Heap after GC invocations=8 (full 0):
 garbage-first heap   total 55296K, used 21738K [0x00000000c0000000, 0x0000000100000000)
  region size 1024K, 2 young (2048K), 2 survivors (2048K)
 Metaspace       used 34835K, committed 35136K, reserved 1114112K
  class space    used 4481K, committed 4608K, reserved 1048576K
}
Event: 6.052 GC heap before
{Heap before GC invocations=8 (full 0):
 garbage-first heap   total 55296K, used 26858K [0x00000000c0000000, 0x0000000100000000)
  region size 1024K, 8 young (8192K), 2 survivors (2048K)
 Metaspace       used 35918K, committed 36288K, reserved 1114112K
  class space    used 4650K, committed 4800K, reserved 1048576K
}
Event: 6.056 GC heap after
{Heap after GC invocations=9 (full 0):
 garbage-first heap   total 67584K, used 22236K [0x00000000c0000000, 0x0000000100000000)
  region size 1024K, 2 young (2048K), 2 survivors (2048K)
 Metaspace       used 35918K, committed 36288K, reserved 1114112K
  class space    used 4650K, committed 4800K, reserved 1048576K
}
Event: 46.117 GC heap before
{Heap before GC invocations=10 (full 0):
 garbage-first heap   total 67584K, used 37596K [0x00000000c0000000, 0x0000000100000000)
  region size 1024K, 18 young (18432K), 2 survivors (2048K)
 Metaspace       used 38327K, committed 38720K, reserved 1114112K
  class space    used 5068K, committed 5248K, reserved 1048576K
}
Event: 46.140 GC heap after
{Heap after GC invocations=11 (full 1):
 garbage-first heap   total 67584K, used 20941K [0x00000000c0000000, 0x0000000100000000)
  region size 1024K, 0 young (0K), 0 survivors (0K)
 Metaspace       used 38327K, committed 38720K, reserved 1114112K
  class space    used 5068K, committed 5248K, reserved 1048576K
}

Dll operation events (8 events):
Event: 0.022 Loaded shared library c:\Users\DEV\.vscode\extensions\redhat.java-1.23.0-win32-x64\jre\17.0.8.1-win32-x86_64\bin\java.dll
Event: 0.398 Loaded shared library C:\Users\DEV\.vscode\extensions\redhat.java-1.23.0-win32-x64\jre\17.0.8.1-win32-x86_64\bin\net.dll
Event: 0.402 Loaded shared library C:\Users\DEV\.vscode\extensions\redhat.java-1.23.0-win32-x64\jre\17.0.8.1-win32-x86_64\bin\nio.dll
Event: 0.418 Loaded shared library C:\Users\DEV\.vscode\extensions\redhat.java-1.23.0-win32-x64\jre\17.0.8.1-win32-x86_64\bin\zip.dll
Event: 0.980 Loaded shared library C:\Users\DEV\.vscode\extensions\redhat.java-1.23.0-win32-x64\jre\17.0.8.1-win32-x86_64\bin\jimage.dll
Event: 5.230 Loaded shared library c:\Users\DEV\.vscode\extensions\redhat.java-1.23.0-win32-x64\jre\17.0.8.1-win32-x86_64\bin\verify.dll
Event: 5.977 Loaded shared library C:\Users\DEV\.vscode\extensions\redhat.java-1.23.0-win32-x64\jre\17.0.8.1-win32-x86_64\bin\management.dll
Event: 6.000 Loaded shared library C:\Users\DEV\.vscode\extensions\redhat.java-1.23.0-win32-x64\jre\17.0.8.1-win32-x86_64\bin\management_ext.dll

Deoptimization events (4 events):
Event: 3.826 Thread 0x000001feee7aea10 DEOPT PACKING pc=0x000001fef18f4d19 sp=0x0000000b2befd300
Event: 3.826 Thread 0x000001feee7aea10 DEOPT UNPACKING pc=0x000001fef1467143 sp=0x0000000b2befc7e0 mode 3
Event: 6.536 Thread 0x000001fefe778c80 DEOPT PACKING pc=0x000001fef1af6535 sp=0x0000000b2ddfd020
Event: 6.536 Thread 0x000001fefe778c80 DEOPT UNPACKING pc=0x000001fef1467143 sp=0x0000000b2ddfc548 mode 3

Classes unloaded (0 events):
No events

Classes redefined (0 events):
No events

Internal exceptions (20 events):
Event: 4.521 Thread 0x000001feee7aea10 Exception <a 'java/lang/NoSuchMethodError'{0x00000000c23377f0}: 'java.lang.Object java.lang.invoke.DirectMethodHandle$Holder.invokeSpecial(java.lang.Object, java.lang.Object, int, java.lang.Object, java.lang.Object)'> (0x00000000c23377f0) 
thrown [s\src\hotspot\share\interpreter\linkResolver.cpp, line 759]
Event: 4.521 Thread 0x000001feee7aea10 Exception <a 'java/lang/NoSuchMethodError'{0x00000000c233b498}: 'java.lang.Object java.lang.invoke.DelegatingMethodHandle$Holder.delegate(java.lang.Object, int, java.lang.Object, java.lang.Object)'> (0x00000000c233b498) 
thrown [s\src\hotspot\share\interpreter\linkResolver.cpp, line 759]
Event: 4.522 Thread 0x000001feee7aea10 Exception <a 'java/lang/NoSuchMethodError'{0x00000000c234c320}: 'int java.lang.invoke.Invokers$Holder.linkToTargetMethod(java.lang.Object, java.lang.Object, java.lang.Object)'> (0x00000000c234c320) 
thrown [s\src\hotspot\share\interpreter\linkResolver.cpp, line 759]
Event: 4.609 Thread 0x000001feee7aea10 Exception <a 'java/lang/NoSuchMethodError'{0x00000000c66d7718}: 'void java.lang.invoke.DirectMethodHandle$Holder.invokeSpecial(java.lang.Object, java.lang.Object, java.lang.Object, java.lang.Object, java.lang.Object, java.lang.Object)'> (0x00000000c66d7718) 
thrown [s\src\hotspot\share\interpreter\linkResolver.cpp, line 759]
Event: 4.656 Thread 0x000001feee7aea10 Exception <a 'java/lang/NoSuchMethodError'{0x00000000c6479200}: 'java.lang.Object java.lang.invoke.DirectMethodHandle$Holder.invokeStaticInit(java.lang.Object, int, int, int, int)'> (0x00000000c6479200) 
thrown [s\src\hotspot\share\interpreter\linkResolver.cpp, line 759]
Event: 4.760 Thread 0x000001feee7aea10 Exception <a 'java/lang/NoSuchMethodError'{0x00000000c6343ef0}: 'java.lang.Object java.lang.invoke.DirectMethodHandle$Holder.invokeStaticInit(java.lang.Object, java.lang.Object, int, int, int, int)'> (0x00000000c6343ef0) 
thrown [s\src\hotspot\share\interpreter\linkResolver.cpp, line 759]
Event: 4.958 Thread 0x000001feee7aea10 Exception <a 'java/lang/NoSuchMethodError'{0x00000000c2ac6188}: 'void java.lang.invoke.DirectMethodHandle$Holder.invokeSpecialIFC(java.lang.Object, java.lang.Object, java.lang.Object)'> (0x00000000c2ac6188) 
thrown [s\src\hotspot\share\interpreter\linkResolver.cpp, line 759]
Event: 5.476 Thread 0x000001feee7aea10 Exception <a 'java/lang/NoSuchMethodError'{0x00000000c2be96e0}: 'void java.lang.invoke.DirectMethodHandle$Holder.invokeSpecial(java.lang.Object, java.lang.Object, java.lang.Object, java.lang.Object, java.lang.Object, java.lang.Object, java.lang.Object)'> (0x00000000c2be96e0) 
thrown [s\src\hotspot\share\interpreter\linkResolver.cpp, line 759]
Event: 5.477 Thread 0x000001feee7aea10 Exception <a 'java/lang/NoSuchMethodError'{0x00000000c2bf3f00}: 'java.lang.Object java.lang.invoke.DirectMethodHandle$Holder.newInvokeSpecial(java.lang.Object, java.lang.Object, java.lang.Object, java.lang.Object, java.lang.Object, java.lang.Object)'> (0x00000000c2bf3f00) 
thrown [s\src\hotspot\share\interpreter\linkResolver.cpp, line 759]
Event: 5.673 Thread 0x000001feee7aea10 Exception <a 'java/lang/NoSuchMethodError'{0x00000000c27d5d98}: 'java.lang.Object java.lang.invoke.DirectMethodHandle$Holder.invokeInterface(java.lang.Object, java.lang.Object, int)'> (0x00000000c27d5d98) 
thrown [s\src\hotspot\share\interpreter\linkResolver.cpp, line 759]
Event: 5.676 Thread 0x000001feee7aea10 Exception <a 'java/lang/IncompatibleClassChangeError'{0x00000000c27e8e10}: Found class java.lang.Object, but interface was expected> (0x00000000c27e8e10) 
thrown [s\src\hotspot\share\interpreter\linkResolver.cpp, line 826]
Event: 5.956 Thread 0x000001feee7aea10 Exception <a 'java/lang/NoSuchMethodError'{0x00000000c64c07e0}: 'java.lang.Object java.lang.invoke.DirectMethodHandle$Holder.newInvokeSpecial(java.lang.Object, java.lang.Object, int, java.lang.Object, java.lang.Object)'> (0x00000000c64c07e0) 
thrown [s\src\hotspot\share\interpreter\linkResolver.cpp, line 759]
Event: 5.958 Thread 0x000001feee7aea10 Exception <a 'java/lang/NoSuchMethodError'{0x00000000c64d2b10}: 'java.lang.Object java.lang.invoke.DirectMethodHandle$Holder.invokeSpecial(java.lang.Object, java.lang.Object, int, java.lang.Object, int, java.lang.Object)'> (0x00000000c64d2b10) 
thrown [s\src\hotspot\share\interpreter\linkResolver.cpp, line 759]
Event: 5.959 Thread 0x000001feee7aea10 Exception <a 'java/lang/NoSuchMethodError'{0x00000000c64da918}: 'java.lang.Object java.lang.invoke.DirectMethodHandle$Holder.newInvokeSpecial(java.lang.Object, java.lang.Object, int, java.lang.Object, int)'> (0x00000000c64da918) 
thrown [s\src\hotspot\share\interpreter\linkResolver.cpp, line 759]
Event: 5.959 Thread 0x000001feee7aea10 Exception <a 'java/lang/NoSuchMethodError'{0x00000000c64dea18}: 'java.lang.Object java.lang.invoke.DirectMethodHandle$Holder.invokeSpecial(java.lang.Object, java.lang.Object, java.lang.Object, int, java.lang.Object, int)'> (0x00000000c64dea18) 
thrown [s\src\hotspot\share\interpreter\linkResolver.cpp, line 759]
Event: 6.562 Thread 0x000001fefe5a9060 Exception <a 'java/lang/NoSuchMethodError'{0x00000000c3804690}: 'java.lang.Object java.lang.invoke.DirectMethodHandle$Holder.invokeStatic(java.lang.Object, java.lang.Object, java.lang.Object, int, java.lang.Object, java.lang.Object)'> (0x00000000c3804690) 
thrown [s\src\hotspot\share\interpreter\linkResolver.cpp, line 759]
Event: 7.238 Thread 0x000001feff3aea00 Exception <a 'java/lang/NoSuchMethodError'{0x00000000c3398b10}: 'int java.lang.invoke.DirectMethodHandle$Holder.invokeStatic(java.lang.Object)'> (0x00000000c3398b10) 
thrown [s\src\hotspot\share\interpreter\linkResolver.cpp, line 759]
Event: 7.238 Thread 0x000001feff3aea00 Exception <a 'java/lang/NoSuchMethodError'{0x00000000c339bf10}: 'int java.lang.invoke.DirectMethodHandle$Holder.invokeStaticInit(java.lang.Object)'> (0x00000000c339bf10) 
thrown [s\src\hotspot\share\interpreter\linkResolver.cpp, line 759]
Event: 45.961 Thread 0x000001feff1a62d0 Exception <a 'java/lang/NoSuchMethodError'{0x00000000c32024b0}: 'void java.lang.invoke.DirectMethodHandle$Holder.invokeStatic(java.lang.Object, long)'> (0x00000000c32024b0) 
thrown [s\src\hotspot\share\interpreter\linkResolver.cpp, line 759]
Event: 45.961 Thread 0x000001feff1a62d0 Exception <a 'java/lang/NoSuchMethodError'{0x00000000c3207858}: 'java.lang.Object java.lang.invoke.DirectMethodHandle$Holder.newInvokeSpecial(java.lang.Object, long)'> (0x00000000c3207858) 
thrown [s\src\hotspot\share\interpreter\linkResolver.cpp, line 759]

VM Operations (20 events):
Event: 5.720 Executing VM operation: G1CollectForAllocation done
Event: 5.835 Executing VM operation: HandshakeAllThreads
Event: 5.835 Executing VM operation: HandshakeAllThreads done
Event: 5.923 Executing VM operation: HandshakeAllThreads
Event: 5.923 Executing VM operation: HandshakeAllThreads done
Event: 5.924 Executing VM operation: HandshakeAllThreads
Event: 5.924 Executing VM operation: HandshakeAllThreads done
Event: 6.052 Executing VM operation: CollectForMetadataAllocation
Event: 6.056 Executing VM operation: CollectForMetadataAllocation done
Event: 6.078 Executing VM operation: G1PauseRemark
Event: 6.080 Executing VM operation: G1PauseRemark done
Event: 6.092 Executing VM operation: G1PauseCleanup
Event: 6.092 Executing VM operation: G1PauseCleanup done
Event: 7.095 Executing VM operation: Cleanup
Event: 7.095 Executing VM operation: Cleanup done
Event: 45.963 Executing VM operation: HandshakeAllThreads
Event: 45.963 Executing VM operation: HandshakeAllThreads done
Event: 46.116 Executing VM operation: G1CollectFull
Event: 46.141 Executing VM operation: G1CollectFull done
Event: 56.325 Executing VM operation: G1CollectFull

Events (20 events):
Event: 7.127 Thread 0x000001feff3aea00 Thread added: 0x000001feff3aea00
Event: 7.241 loading class java/util/concurrent/atomic/AtomicLongFieldUpdater
Event: 7.241 loading class java/util/concurrent/atomic/AtomicLongFieldUpdater done
Event: 7.241 loading class java/util/concurrent/atomic/AtomicLongFieldUpdater$CASUpdater
Event: 7.241 loading class java/util/concurrent/atomic/AtomicLongFieldUpdater$CASUpdater done
Event: 7.241 loading class java/util/concurrent/atomic/AtomicLongFieldUpdater$CASUpdater$1
Event: 7.241 loading class java/util/concurrent/atomic/AtomicLongFieldUpdater$CASUpdater$1 done
Event: 12.253 Thread 0x000001fef99200a0 Thread exited: 0x000001fef99200a0
Event: 45.954 loading class java/lang/ProcessBuilder
Event: 45.954 loading class java/lang/ProcessBuilder done
Event: 45.954 loading class java/lang/ProcessImpl
Event: 45.955 loading class java/lang/ProcessImpl done
Event: 45.962 loading class java/lang/ProcessImpl$2
Event: 45.962 loading class java/lang/ProcessImpl$2 done
Event: 45.962 loading class java/lang/Process$PipeInputStream
Event: 45.962 loading class java/lang/Process$PipeInputStream done
Event: 45.963 loading class jdk/internal/event/ProcessStartEvent
Event: 45.963 loading class jdk/internal/event/ProcessStartEvent done
Event: 46.116 loading class java/io/FileOutputStream$1
Event: 46.116 loading class java/io/FileOutputStream$1 done


Dynamic libraries:
0x00007ff7ca460000 - 0x00007ff7ca46e000 	c:\Users\DEV\.vscode\extensions\redhat.java-1.23.0-win32-x64\jre\17.0.8.1-win32-x86_64\bin\java.exe
0x00007ff874eb0000 - 0x00007ff8750c4000 	C:\WINDOWS\SYSTEM32\ntdll.dll
0x00007ff81a0f0000 - 0x00007ff81a109000 	C:\Program Files\Avast Software\Avast\aswhook.dll
0x00007ff873df0000 - 0x00007ff873eb4000 	C:\WINDOWS\System32\KERNEL32.DLL
0x00007ff872720000 - 0x00007ff872ac4000 	C:\WINDOWS\System32\KERNELBASE.dll
0x00007ff872600000 - 0x00007ff872711000 	C:\WINDOWS\System32\ucrtbase.dll
0x00007ff8470f0000 - 0x00007ff847109000 	c:\Users\DEV\.vscode\extensions\redhat.java-1.23.0-win32-x64\jre\17.0.8.1-win32-x86_64\bin\VCRUNTIME140.dll
0x00007ff854100000 - 0x00007ff854117000 	c:\Users\DEV\.vscode\extensions\redhat.java-1.23.0-win32-x64\jre\17.0.8.1-win32-x86_64\bin\jli.dll
0x00007ff874b40000 - 0x00007ff874cee000 	C:\WINDOWS\System32\USER32.dll
0x00007ff84bbb0000 - 0x00007ff84be43000 	C:\WINDOWS\WinSxS\amd64_microsoft.windows.common-controls_6595b64144ccf1df_6.0.22621.2215_none_270d72677387dfc3\COMCTL32.dll
0x00007ff872260000 - 0x00007ff872286000 	C:\WINDOWS\System32\win32u.dll
0x00007ff872ca0000 - 0x00007ff872d47000 	C:\WINDOWS\System32\msvcrt.dll
0x00007ff873040000 - 0x00007ff873069000 	C:\WINDOWS\System32\GDI32.dll
0x00007ff872300000 - 0x00007ff872418000 	C:\WINDOWS\System32\gdi32full.dll
0x00007ff872560000 - 0x00007ff8725fa000 	C:\WINDOWS\System32\msvcp_win.dll
0x00007ff874970000 - 0x00007ff8749a1000 	C:\WINDOWS\System32\IMM32.DLL
0x00007ff8585e0000 - 0x00007ff8585ec000 	c:\Users\DEV\.vscode\extensions\redhat.java-1.23.0-win32-x64\jre\17.0.8.1-win32-x86_64\bin\vcruntime140_1.dll
0x00007ff830780000 - 0x00007ff830811000 	c:\Users\DEV\.vscode\extensions\redhat.java-1.23.0-win32-x64\jre\17.0.8.1-win32-x86_64\bin\msvcp140.dll
0x00007fffb7690000 - 0x00007fffb82dc000 	c:\Users\DEV\.vscode\extensions\redhat.java-1.23.0-win32-x64\jre\17.0.8.1-win32-x86_64\bin\server\jvm.dll
0x00007ff873ef0000 - 0x00007ff873fa0000 	C:\WINDOWS\System32\ADVAPI32.dll
0x00007ff873a00000 - 0x00007ff873aa6000 	C:\WINDOWS\System32\sechost.dll
0x00007ff873ab0000 - 0x00007ff873bc7000 	C:\WINDOWS\System32\RPCRT4.dll
0x00007ff871110000 - 0x00007ff87115d000 	C:\WINDOWS\SYSTEM32\POWRPROF.dll
0x00007ff857eb0000 - 0x00007ff857eb9000 	C:\WINDOWS\SYSTEM32\WSOCK32.dll
0x00007ff86bf70000 - 0x00007ff86bfa4000 	C:\WINDOWS\SYSTEM32\WINMM.dll
0x00007ff85ece0000 - 0x00007ff85ecea000 	C:\WINDOWS\SYSTEM32\VERSION.dll
0x00007ff872da0000 - 0x00007ff872e11000 	C:\WINDOWS\System32\ws2_32.DLL
0x00007ff8710f0000 - 0x00007ff871103000 	C:\WINDOWS\SYSTEM32\UMPDC.dll
0x00007ff8713a0000 - 0x00007ff8713b8000 	C:\WINDOWS\SYSTEM32\kernel.appcore.dll
0x00007ff858310000 - 0x00007ff85831a000 	c:\Users\DEV\.vscode\extensions\redhat.java-1.23.0-win32-x64\jre\17.0.8.1-win32-x86_64\bin\jimage.dll
0x00007ff86fcf0000 - 0x00007ff86ff1e000 	C:\WINDOWS\SYSTEM32\DBGHELP.DLL
0x00007ff873fa0000 - 0x00007ff87432a000 	C:\WINDOWS\System32\combase.dll
0x00007ff873920000 - 0x00007ff8739f7000 	C:\WINDOWS\System32\OLEAUT32.dll
0x00007ff86bf30000 - 0x00007ff86bf62000 	C:\WINDOWS\SYSTEM32\dbgcore.DLL
0x00007ff872420000 - 0x00007ff87249a000 	C:\WINDOWS\System32\bcryptPrimitives.dll
0x00007ff81c990000 - 0x00007ff81c9b5000 	c:\Users\DEV\.vscode\extensions\redhat.java-1.23.0-win32-x64\jre\17.0.8.1-win32-x86_64\bin\java.dll
0x00007ff8470d0000 - 0x00007ff8470e8000 	c:\Users\DEV\.vscode\extensions\redhat.java-1.23.0-win32-x64\jre\17.0.8.1-win32-x86_64\bin\zip.dll
0x00007ff8730f0000 - 0x00007ff873913000 	C:\WINDOWS\System32\SHELL32.dll
0x00007ff870200000 - 0x00007ff870aea000 	C:\WINDOWS\SYSTEM32\windows.storage.dll
0x00007ff8700c0000 - 0x00007ff8701fe000 	C:\WINDOWS\SYSTEM32\wintypes.dll
0x00007ff874cf0000 - 0x00007ff874de3000 	C:\WINDOWS\System32\SHCORE.dll
0x00007ff873d90000 - 0x00007ff873dee000 	C:\WINDOWS\System32\shlwapi.dll
0x00007ff872190000 - 0x00007ff8721b6000 	C:\WINDOWS\SYSTEM32\profapi.dll
0x00007ff836140000 - 0x00007ff836159000 	C:\Users\DEV\.vscode\extensions\redhat.java-1.23.0-win32-x64\jre\17.0.8.1-win32-x86_64\bin\net.dll
0x00007ff868580000 - 0x00007ff8686b7000 	C:\WINDOWS\SYSTEM32\WINHTTP.dll
0x00007ff871820000 - 0x00007ff871889000 	C:\WINDOWS\system32\mswsock.dll
0x00007ff830760000 - 0x00007ff830775000 	C:\Users\DEV\.vscode\extensions\redhat.java-1.23.0-win32-x64\jre\17.0.8.1-win32-x86_64\bin\nio.dll
0x00007ff871a70000 - 0x00007ff871a8b000 	C:\WINDOWS\SYSTEM32\CRYPTSP.dll
0x00007ff871310000 - 0x00007ff871345000 	C:\WINDOWS\system32\rsaenh.dll
0x00007ff871910000 - 0x00007ff87193c000 	C:\WINDOWS\SYSTEM32\USERENV.dll
0x00007ff871c10000 - 0x00007ff871c38000 	C:\WINDOWS\SYSTEM32\bcrypt.dll
0x00007ff871a90000 - 0x00007ff871a9c000 	C:\WINDOWS\SYSTEM32\CRYPTBASE.dll
0x00007ff870d40000 - 0x00007ff870d6d000 	C:\WINDOWS\SYSTEM32\IPHLPAPI.DLL
0x00007ff8730e0000 - 0x00007ff8730e9000 	C:\WINDOWS\System32\NSI.dll
0x00007ff868560000 - 0x00007ff868579000 	C:\WINDOWS\SYSTEM32\dhcpcsvc6.DLL
0x00007ff868380000 - 0x00007ff86839f000 	C:\WINDOWS\SYSTEM32\dhcpcsvc.DLL
0x00007ff870d70000 - 0x00007ff870e62000 	C:\WINDOWS\SYSTEM32\DNSAPI.dll
0x00007ff847200000 - 0x00007ff847210000 	c:\Users\DEV\.vscode\extensions\redhat.java-1.23.0-win32-x64\jre\17.0.8.1-win32-x86_64\bin\verify.dll
0x00007ff86bad0000 - 0x00007ff86bad9000 	C:\Users\DEV\.vscode\extensions\redhat.java-1.23.0-win32-x64\jre\17.0.8.1-win32-x86_64\bin\management.dll
0x00007ff86a2a0000 - 0x00007ff86a2ab000 	C:\Users\DEV\.vscode\extensions\redhat.java-1.23.0-win32-x64\jre\17.0.8.1-win32-x86_64\bin\management_ext.dll
0x00007ff872e30000 - 0x00007ff872e38000 	C:\WINDOWS\System32\PSAPI.DLL

dbghelp: loaded successfully - version: 4.0.5 - missing functions: none
symbol engine: initialized successfully - sym options: 0x614 - pdb path: .;c:\Users\DEV\.vscode\extensions\redhat.java-1.23.0-win32-x64\jre\17.0.8.1-win32-x86_64\bin;C:\WINDOWS\SYSTEM32;C:\Program Files\Avast Software\Avast;C:\WINDOWS\WinSxS\amd64_microsoft.windows.common-controls_6595b64144ccf1df_6.0.22621.2215_none_270d72677387dfc3;c:\Users\DEV\.vscode\extensions\redhat.java-1.23.0-win32-x64\jre\17.0.8.1-win32-x86_64\bin\server

VM Arguments:
jvm_args: -XX:+HeapDumpOnOutOfMemoryError -Xmx1024m -Dsts.lsp.client=vscode -Dsts.log.file=/dev/null -XX:TieredStopAtLevel=1 -Xlog:jni+resolve=off -Dspring.config.location=file:c:\Users\DEV\.vscode\extensions\vmware.vscode-spring-boot-1.49.0\language-server\BOOT-INF\classes\application.properties 
java_command: org.springframework.ide.vscode.boot.app.BootLanguageServerBootApp
java_class_path (initial): c:\Users\DEV\.vscode\extensions\vmware.vscode-spring-boot-1.49.0\language-server\BOOT-INF\classes;c:\Users\DEV\.vscode\extensions\vmware.vscode-spring-boot-1.49.0\language-server\BOOT-INF\lib\annotations-24.0.1.jar;c:\Users\DEV\.vscode\extensions\vmware.vscode-spring-boot-1.49.0\language-server\BOOT-INF\lib\antlr-runtime-3.5.3.jar;c:\Users\DEV\.vscode\extensions\vmware.vscode-spring-boot-1.49.0\language-server\BOOT-INF\lib\antlr4-4.11.1.jar;c:\Users\DEV\.vscode\extensions\vmware.vscode-spring-boot-1.49.0\language-server\BOOT-INF\lib\antlr4-runtime-4.11.1.jar;c:\Users\DEV\.vscode\extensions\vmware.vscode-spring-boot-1.49.0\language-server\BOOT-INF\lib\archunit-1.1.0.jar;c:\Users\DEV\.vscode\extensions\vmware.vscode-spring-boot-1.49.0\language-server\BOOT-INF\lib\asm-9.5.jar;c:\Users\DEV\.vscode\extensions\vmware.vscode-spring-boot-1.49.0\language-server\BOOT-INF\lib\asm-analysis-9.5.jar;c:\Users\DEV\.vscode\extensions\vmware.vscode-spring-boot-1.49.0\language-server\BOOT-INF\lib\asm-tree-9.5.jar;c:\Users\DEV\.vscode\extensions\vmware.vscode-spring-boot-1.49.0\language-server\BOOT-INF\lib\asm-util-9.5.jar;c:\Users\DEV\.vscode\extensions\vmware.vscode-spring-boot-1.49.0\language-server\BOOT-INF\lib\bosh-language-server-1.49.0-SNAPSHOT.jar;c:\Users\DEV\.vscode\extensions\vmware.vscode-spring-boot-1.49.0\language-server\BOOT-INF\lib\caffeine-3.1.6.jar;c:\Users\DEV\.vscode\extensions\vmware.vscode-spring-boot-1.49.0\language-server\BOOT-INF\lib\checker-qual-3.12.0.jar;c:\Users\DEV\.vscode\extensions\vmware.vscode-spring-boot-1.49.0\language-server\BOOT-INF\lib\classgraph-4.8.149.jar;c:\Users\DEV\.vscode\extensions\vmware.vscode-spring-boot-1.49.0\language-server\BOOT-INF\lib\commons-codec-1.15.jar;c:\Users\DEV\.vscode\extensions\vmware.vscode-spring-boot-1.49.0\language-server\BOOT-INF\lib\commons-compress-1.23.0.jar;c:\Users\DEV\.vscode\extensions\vmware.vscode-spring-boot-1.49.0\language-server\BOOT-INF\lib\commons-io-2.4.jar;c:\Users\DEV\.v
Launcher Type: SUN_STANDARD

[Global flags]
     intx CICompilerCount                          = 4                                         {product} {ergonomic}
     uint ConcGCThreads                            = 2                                         {product} {ergonomic}
     uint G1ConcRefinementThreads                  = 8                                         {product} {ergonomic}
   size_t G1HeapRegionSize                         = 1048576                                   {product} {ergonomic}
    uintx GCDrainStackTargetSize                   = 64                                        {product} {ergonomic}
     bool HeapDumpOnOutOfMemoryError               = true                                   {manageable} {command line}
   size_t InitialHeapSize                          = 132120576                                 {product} {ergonomic}
   size_t MarkStackSize                            = 4194304                                   {product} {ergonomic}
   size_t MaxHeapSize                              = 1073741824                                {product} {command line}
   size_t MaxNewSize                               = 643825664                                 {product} {ergonomic}
   size_t MinHeapDeltaBytes                        = 1048576                                   {product} {ergonomic}
   size_t MinHeapSize                              = 8388608                                   {product} {ergonomic}
    uintx NonProfiledCodeHeapSize                  = 0                                      {pd product} {ergonomic}
     bool ProfileInterpreter                       = false                                  {pd product} {command line}
    uintx ProfiledCodeHeapSize                     = 0                                      {pd product} {ergonomic}
   size_t SoftMaxHeapSize                          = 1073741824                             {manageable} {ergonomic}
     intx TieredStopAtLevel                        = 1                                         {product} {command line}
     bool UseCompressedClassPointers               = true                           {product lp64_product} {ergonomic}
     bool UseCompressedOops                        = true                           {product lp64_product} {ergonomic}
     bool UseG1GC                                  = true                                      {product} {ergonomic}
     bool UseLargePagesIndividualAllocation        = false                                  {pd product} {ergonomic}

Logging:
Log output configuration:
 #0: stdout all=warning,jni+resolve=off uptime,level,tags
 #1: stderr all=off uptime,level,tags

Environment Variables:
PATH=C:\Program Files\Eclipse Adoptium\jdk-17.0.7.7-hotspot\bin;C:\Python311\Scripts\;C:\Python311\;C:\Program Files\Oculus\Support\oculus-runtime;C:\WINDOWS\system32;C:\WINDOWS;C:\WINDOWS\System32\Wbem;C:\WINDOWS\System32\WindowsPowerShell\v1.0\;C:\WINDOWS\System32\OpenSSH\;C:\WINDOWS\system32;C:\WINDOWS;C:\WINDOWS\System32\Wbem;C:\WINDOWS\System32\WindowsPowerShell\v1.0\;C:\WINDOWS\System32\OpenSSH\;C:\Program Files\dotnet\;C:\Program Files\Microsoft SQL Server\Client SDK\ODBC\170\Tools\Binn\;C:\Program Files\Microsoft SQL Server\130\Tools\Binn\;C:\Program Files\Git\cmd;C:\Program Files\nodejs\;C:\ProgramData\chocolatey\bin;C:\Program Files\MySQL\MySQL Shell 8.0\bin\;C:\Users\DEV\AppData\Local\Microsoft\WindowsApps;C:\Users\DEV\AppData\Local\Programs\Microsoft VS Code\bin;C:\Users\DEV\AppData\Local\GitHubDesktop\bin;C:\Users\DEV\.dotnet\tools;C:\Users\DEV\AppData\Local\gitkraken\bin;C:\Users\DEV\AppData\Local\Microsoft\WindowsApps;C:\Users\DEV\AppData\Roaming\npm;C:\Program Files\sf\bin
USERNAME=DEV
OS=Windows_NT
PROCESSOR_IDENTIFIER=Intel64 Family 6 Model 142 Stepping 12, GenuineIntel
TMP=C:\Users\DEV\AppData\Local\Temp
TEMP=C:\Users\DEV\AppData\Local\Temp



---------------  S Y S T E M  ---------------

OS:
 Windows 11 , 64 bit Build 22621 (10.0.22621.2215)
OS uptime: 0 days 3:03 hours

CPU: total 8 (initial active 8) (4 cores per cpu, 2 threads per core) family 6 model 142 stepping 12 microcode 0xde, cx8, cmov, fxsr, ht, mmx, 3dnowpref, sse, sse2, sse3, ssse3, sse4.1, sse4.2, popcnt, lzcnt, tsc, tscinvbit, avx, avx2, aes, erms, clmul, bmi1, bmi2, adx, fma, vzeroupper, clflush, clflushopt
Processor Information for all 8 processors :
  Max Mhz: 2304, Current Mhz: 1803, Mhz Limit: 1797

Memory: 4k page, system-wide physical 7976M (240M free)
TotalPageFile size 32552M (AvailPageFile size 6M)
current process WorkingSet (physical memory assigned to process): 155M, peak: 155M
current process commit charge ("private bytes"): 199M, peak: 230M

vm_info: OpenJDK 64-Bit Server VM (17.0.8.1+1) for windows-amd64 JRE (17.0.8.1+1), built on Aug 23 2023 15:29:17 by "admin" with MS VC++ 16.7 (VS2019)

END.
