#
# There is insufficient memory for the Java Runtime Environment to continue.
# Native memory allocation (malloc) failed to allocate 2097152 bytes for AllocateHeap
# Possible reasons:
#   The system is out of physical RAM or swap space
#   The process is running with CompressedOops enabled, and the Java Heap may be blocking the growth of the native heap
# Possible solutions:
#   Reduce memory load on the system
#   Increase physical memory or swap space
#   Check if swap backing store is full
#   Decrease Java heap size (-Xmx/-Xms)
#   Decrease number of Java threads
#   Decrease Java thread stack sizes (-Xss)
#   Set larger code cache with -XX:ReservedCodeCacheSize=
#   JVM is running with Unscaled Compressed Oops mode in which the Java heap is
#     placed in the first 4GB address space. The Java Heap base address is the
#     maximum limit for the native heap growth. Please use -XX:HeapBaseMinAddress
#     to set the Java Heap base and to place the Java Heap above 4GB virtual address.
# This output file may be truncated or incomplete.
#
#  Out of Memory Error (allocation.cpp:44), pid=13308, tid=22648
#
# JRE version: OpenJDK Runtime Environment Temurin-17.0.8.1+1 (17.0.8.1+1) (build 17.0.8.1+1)
# Java VM: OpenJDK 64-Bit Server VM Temurin-17.0.8.1+1 (17.0.8.1+1, mixed mode, emulated-client, tiered, compressed oops, compressed class ptrs, g1 gc, windows-amd64)
# No core dump will be written. Minidumps are not enabled by default on client versions of Windows
#

---------------  S U M M A R Y ------------

Command Line: -XX:+HeapDumpOnOutOfMemoryError -Xmx1024m -Dsts.lsp.client=vscode -Dsts.log.file=/dev/null -XX:TieredStopAtLevel=1 -Xlog:jni+resolve=off -Dspring.config.location=file:c:\Users\DEV\.vscode\extensions\vmware.vscode-spring-boot-1.49.0\language-server\BOOT-INF\classes\application.properties org.springframework.ide.vscode.boot.app.BootLanguageServerBootApp

Host: Intel(R) Core(TM) i7-10510U CPU @ 1.80GHz, 8 cores, 7G,  Windows 11 , 64 bit Build 22621 (10.0.22621.2215)
Time: Mon Oct  2 13:40:17 2023 Paris, Madrid (heure duild 22621 (10.0.22621.2215) elapsed time: 2296.688933 seconds (0d 0h 38m 16s)

---------------  T H R E A D  ---------------

Current thread (0x0000020e438f5110):  VMThread "VM Thread" [stack: 0x000000342cc00000,0x000000342cd00000] [id=22648]

Stack: [0x000000342cc00000,0x000000342cd00000]
Native frames: (J=compiled Java code, j=interpreted, Vv=VM code, C=native code)
V  [jvm.dll+0x678b0a]
V  [jvm.dll+0x835e84]
V  [jvm.dll+0x83762e]
V  [jvm.dll+0x837c93]
V  [jvm.dll+0x24746f]
V  [jvm.dll+0xa697b]
V  [jvm.dll+0x2f7f41]
V  [jvm.dll+0x2f3b80]
V  [jvm.dll+0x2dc1c7]
V  [jvm.dll+0x31f227]
V  [jvm.dll+0x83c15b]
V  [jvm.dll+0x83ce94]
V  [jvm.dll+0x83d3ac]
V  [jvm.dll+0x83d784]
V  [jvm.dll+0x83d850]
V  [jvm.dll+0x7e64ca]
V  [jvm.dll+0x677955]
C  [ucrtbase.dll+0x29363]
C  [KERNEL32.DLL+0x1257d]
C  [ntdll.dll+0x5aa68]

VM_Operation (0x000000342e4ff140): G1CollectFull, mode: safepoint, requested by thread 0x0000020e49300cd0


---------------  P R O C E S S  ---------------

Threads class SMR info:
_java_thread_list=0x0000020e49766e30, length=27, elements={
0x0000020e4390f390, 0x0000020e43910b40, 0x0000020e43930290, 0x0000020e43a78070,
0x0000020e43a78940, 0x0000020e43a79210, 0x0000020e43a79ae0, 0x0000020e4393ba50,
0x0000020e43c76a00, 0x0000020e43c7faf0, 0x0000020e4928d730, 0x0000020e49300cd0,
0x0000020e4938b020, 0x0000020e38af7050, 0x0000020e4942c040, 0x0000020e4945c7d0,
0x0000020e48e75780, 0x0000020e48e74340, 0x0000020e48e73410, 0x0000020e48e74850,
0x0000020e48e72f00, 0x0000020e48e724e0, 0x0000020e43b6d8e0, 0x0000020e43b6ed20,
0x0000020e43b6ddf0, 0x0000020e43b71fc0, 0x0000020e43b70670
}

Java Threads: ( => current thread )
  0x0000020e4390f390 JavaThread "Reference Handler" daemon [_thread_blocked, id=20392, stack(0x000000342cd00000,0x000000342ce00000)]
  0x0000020e43910b40 JavaThread "Finalizer" daemon [_thread_blocked, id=10384, stack(0x000000342ce00000,0x000000342cf00000)]
  0x0000020e43930290 JavaThread "Signal Dispatcher" daemon [_thread_blocked, id=10332, stack(0x000000342cf00000,0x000000342d000000)]
  0x0000020e43a78070 JavaThread "Attach Listener" daemon [_thread_blocked, id=1708, stack(0x000000342d000000,0x000000342d100000)]
  0x0000020e43a78940 JavaThread "Service Thread" daemon [_thread_blocked, id=10844, stack(0x000000342d100000,0x000000342d200000)]
  0x0000020e43a79210 JavaThread "Monitor Deflation Thread" daemon [_thread_blocked, id=800, stack(0x000000342d200000,0x000000342d300000)]
  0x0000020e43a79ae0 JavaThread "C1 CompilerThread0" daemon [_thread_blocked, id=1872, stack(0x000000342d300000,0x000000342d400000)]
  0x0000020e4393ba50 JavaThread "Sweeper thread" daemon [_thread_blocked, id=22812, stack(0x000000342d400000,0x000000342d500000)]
  0x0000020e43c76a00 JavaThread "Notification Thread" daemon [_thread_blocked, id=23788, stack(0x000000342d500000,0x000000342d600000)]
  0x0000020e43c7faf0 JavaThread "Common-Cleaner" daemon [_thread_blocked, id=8480, stack(0x000000342d700000,0x000000342d800000)]
  0x0000020e4928d730 JavaThread "boundedElastic-evictor-1" daemon [_thread_blocked, id=24460, stack(0x000000342e100000,0x000000342e200000)]
  0x0000020e49300cd0 JavaThread "pool-11-thread-1" [_thread_blocked, id=16372, stack(0x000000342e400000,0x000000342e500000)]
  0x0000020e4938b020 JavaThread "LanguageServerApp-lifecycle" [_thread_blocked, id=19712, stack(0x000000342e500000,0x000000342e600000)]
  0x0000020e38af7050 JavaThread "DestroyJavaVM" [_thread_blocked, id=14096, stack(0x000000342c600000,0x000000342c700000)]
  0x0000020e4942c040 JavaThread "pool-12-thread-1" [_thread_in_native, id=10112, stack(0x000000342e600000,0x000000342e700000)]
  0x0000020e4945c7d0 JavaThread "Simple-Language-Server main thread" daemon [_thread_blocked, id=19852, stack(0x000000342e700000,0x000000342e800000)]
  0x0000020e48e75780 JavaThread "parallel-1" daemon [_thread_blocked, id=12016, stack(0x000000342eb00000,0x000000342ec00000)]
  0x0000020e48e74340 JavaThread "pool-5-thread-1" [_thread_blocked, id=16916, stack(0x000000342ec00000,0x000000342ed00000)]
  0x0000020e48e73410 JavaThread "parallel-2" daemon [_thread_blocked, id=23232, stack(0x000000342ed00000,0x000000342ee00000)]
  0x0000020e48e74850 JavaThread "parallel-3" daemon [_thread_blocked, id=16676, stack(0x000000342ee00000,0x000000342ef00000)]
  0x0000020e48e72f00 JavaThread "parallel-4" daemon [_thread_blocked, id=3796, stack(0x000000342f200000,0x000000342f300000)]
  0x0000020e48e724e0 JavaThread "parallel-5" daemon [_thread_blocked, id=16556, stack(0x000000342f300000,0x000000342f400000)]
  0x0000020e43b6d8e0 JavaThread "Reconciler-1" daemon [_thread_blocked, id=5036, stack(0x000000342f400000,0x000000342f500000)]
  0x0000020e43b6ed20 JavaThread "pool-7-thread-1" [_thread_blocked, id=17792, stack(0x000000342c500000,0x000000342c600000)]
  0x0000020e43b6ddf0 JavaThread "parallel-6" daemon [_thread_blocked, id=16636, stack(0x000000342d800000,0x000000342d900000)]
  0x0000020e43b71fc0 JavaThread "parallel-7" daemon [_thread_blocked, id=18452, stack(0x000000342c400000,0x000000342c500000)]
  0x0000020e43b70670 JavaThread "parallel-8" daemon [_thread_blocked, id=15348, stack(0x000000342ea00000,0x000000342eb00000)]

Other Threads:
=>0x0000020e438f5110 VMThread "VM Thread" [stack: 0x000000342cc00000,0x000000342cd00000] [id=22648]
  0x0000020e43c78ef0 WatcherThread [stack: 0x000000342d600000,0x000000342d700000] [id=14860]
  0x0000020e38b35230 GCTaskThread "GC Thread#0" [stack: 0x000000342c700000,0x000000342c800000] [id=4740]
  0x0000020e487e1460 GCTaskThread "GC Thread#1" [stack: 0x000000342da00000,0x000000342db00000] [id=23804]
  0x0000020e487c73e0 GCTaskThread "GC Thread#2" [stack: 0x000000342db00000,0x000000342dc00000] [id=11408]
  0x0000020e487fec90 GCTaskThread "GC Thread#3" [stack: 0x000000342dc00000,0x000000342dd00000] [id=20412]
  0x0000020e48a8b670 GCTaskThread "GC Thread#4" [stack: 0x000000342dd00000,0x000000342de00000] [id=6288]
  0x0000020e48a8f940 GCTaskThread "GC Thread#5" [stack: 0x000000342de00000,0x000000342df00000] [id=15984]
  0x0000020e48a8fc00 GCTaskThread "GC Thread#6" [stack: 0x000000342df00000,0x000000342e000000] [id=14692]
  0x0000020e48a8fec0 GCTaskThread "GC Thread#7" [stack: 0x000000342e000000,0x000000342e100000] [id=9868]
  0x0000020e38b3e090 ConcurrentGCThread "G1 Main Marker" [stack: 0x000000342c800000,0x000000342c900000] [id=16992]
  0x0000020e38b3e9b0 ConcurrentGCThread "G1 Conc#0" [stack: 0x000000342c900000,0x000000342ca00000] [id=22544]
  0x0000020e48cba440 ConcurrentGCThread "G1 Conc#1" [stack: 0x000000342e300000,0x000000342e400000] [id=8088]
  0x0000020e437680e0 ConcurrentGCThread "G1 Refine#0" [stack: 0x000000342ca00000,0x000000342cb00000] [id=12156]
  0x0000020e43768a20 ConcurrentGCThread "G1 Service" [stack: 0x000000342cb00000,0x000000342cc00000] [id=6280]

Threads with active compile tasks:

VM state: at safepoint (normal execution)

VM Mutex/Monitor currently owned by a thread:  ([mutex/lock_event])
[0x0000020e36a3efb0] Threads_lock - owner thread: 0x0000020e438f5110
[0x0000020e38af3ab0] Heap_lock - owner thread: 0x0000020e49300cd0

Heap address: 0x00000000c0000000, size: 1024 MB, Compressed Oops mode: 32-bit

CDS archive(s) not mapped
Compressed class space mapped at: 0x0000000100000000-0x0000000140000000, reserved size: 1073741824
Narrow klass base: 0x0000000000000000, Narrow klass shift: 3, Narrow klass range: 0x140000000

GC Precious Log:
 CPUs: 8 total, 8 available
 Memory: 7976M
 Large Page Support: Disabled
 NUMA Support: Disabled
 Compressed Oops: Enabled (32-bit)
 Heap Region Size: 1M
 Heap Min Capacity: 8M
 Heap Initial Capacity: 126M
 Heap Max Capacity: 1G
 Pre-touch: Disabled
 Parallel Workers: 8
 Concurrent Workers: 2
 Concurrent Refinement Workers: 8
 Periodic GC: Disabled

Heap:
 garbage-first heap   total 68608K, used 27298K [0x00000000c0000000, 0x0000000100000000)
  region size 1024K, 1 young (1024K), 0 survivors (0K)
 Metaspace       used 55935K, committed 56448K, reserved 1114112K
  class space    used 7135K, committed 7360K, reserved 1048576K

Heap Regions: E=young(eden), S=young(survivor), O=old, HS=humongous(starts), HC=humongous(continues), CS=collection set, F=free, OA=open archive, CA=closed archive, TAMS=top-at-mark-start (previous, next)
|   0|0x00000000c0000000, 0x00000000c0100000, 0x00000000c0100000|100%| O|  |TAMS 0x00000000c0100000, 0x00000000c0000000| Untracked 
|   1|0x00000000c0100000, 0x00000000c01ffff0, 0x00000000c0200000| 99%| O|  |TAMS 0x00000000c01ffff0, 0x00000000c0100000| Untracked 
|   2|0x00000000c0200000, 0x00000000c02fffd0, 0x00000000c0300000| 99%| O|  |TAMS 0x00000000c02fffd0, 0x00000000c0200000| Untracked 
|   3|0x00000000c0300000, 0x00000000c0400000, 0x00000000c0400000|100%| O|  |TAMS 0x00000000c0400000, 0x00000000c0300000| Untracked 
|   4|0x00000000c0400000, 0x00000000c04fffe0, 0x00000000c0500000| 99%| O|  |TAMS 0x00000000c04fffe0, 0x00000000c0400000| Untracked 
|   5|0x00000000c0500000, 0x00000000c05fffd0, 0x00000000c0600000| 99%| O|  |TAMS 0x00000000c05fffd0, 0x00000000c0500000| Untracked 
|   6|0x00000000c0600000, 0x00000000c06fffe8, 0x00000000c0700000| 99%| O|  |TAMS 0x00000000c06fffe8, 0x00000000c0600000| Untracked 
|   7|0x00000000c0700000, 0x00000000c0800000, 0x00000000c0800000|100%| O|  |TAMS 0x00000000c0800000, 0x00000000c0700000| Untracked 
|   8|0x00000000c0800000, 0x00000000c08ffff8, 0x00000000c0900000| 99%| O|  |TAMS 0x00000000c08ffff8, 0x00000000c0800000| Untracked 
|   9|0x00000000c0900000, 0x00000000c0a00000, 0x00000000c0a00000|100%| O|  |TAMS 0x00000000c0a00000, 0x00000000c0900000| Untracked 
|  10|0x00000000c0a00000, 0x00000000c0afffd8, 0x00000000c0b00000| 99%| O|  |TAMS 0x00000000c0afffd8, 0x00000000c0a00000| Untracked 
|  11|0x00000000c0b00000, 0x00000000c0bfffd8, 0x00000000c0c00000| 99%| O|  |TAMS 0x00000000c0bfffd8, 0x00000000c0b00000| Untracked 
|  12|0x00000000c0c00000, 0x00000000c0cffff8, 0x00000000c0d00000| 99%| O|  |TAMS 0x00000000c0cffff8, 0x00000000c0c00000| Untracked 
|  13|0x00000000c0d00000, 0x00000000c0e00000, 0x00000000c0e00000|100%| O|  |TAMS 0x00000000c0e00000, 0x00000000c0d00000| Untracked 
|  14|0x00000000c0e00000, 0x00000000c0efdea0, 0x00000000c0f00000| 99%| O|  |TAMS 0x00000000c0efdea0, 0x00000000c0e00000| Untracked 
|  15|0x00000000c0f00000, 0x00000000c0ffffe8, 0x00000000c1000000| 99%| O|  |TAMS 0x00000000c0ffffe8, 0x00000000c0f00000| Untracked 
|  16|0x00000000c1000000, 0x00000000c10ffff8, 0x00000000c1100000| 99%| O|  |TAMS 0x00000000c10ffff8, 0x00000000c1000000| Untracked 
|  17|0x00000000c1100000, 0x00000000c11fffe0, 0x00000000c1200000| 99%| O|  |TAMS 0x00000000c11fffe0, 0x00000000c1100000| Untracked 
|  18|0x00000000c1200000, 0x00000000c12ffff8, 0x00000000c1300000| 99%| O|  |TAMS 0x00000000c12ffff8, 0x00000000c1200000| Untracked 
|  19|0x00000000c1300000, 0x00000000c13fffd0, 0x00000000c1400000| 99%| O|  |TAMS 0x00000000c13fffd0, 0x00000000c1300000| Untracked 
|  20|0x00000000c1400000, 0x00000000c14ffff0, 0x00000000c1500000| 99%| O|  |TAMS 0x00000000c14ffff0, 0x00000000c1400000| Untracked 
|  21|0x00000000c1500000, 0x00000000c1600000, 0x00000000c1600000|100%| O|  |TAMS 0x00000000c1600000, 0x00000000c1500000| Untracked 
|  22|0x00000000c1600000, 0x00000000c16fffe0, 0x00000000c1700000| 99%| O|  |TAMS 0x00000000c16fffe0, 0x00000000c1600000| Untracked 
|  23|0x00000000c1700000, 0x00000000c1800000, 0x00000000c1800000|100%| O|  |TAMS 0x00000000c1800000, 0x00000000c1700000| Untracked 
|  24|0x00000000c1800000, 0x00000000c18fff78, 0x00000000c1900000| 99%| O|  |TAMS 0x00000000c18fff78, 0x00000000c1800000| Untracked 
|  25|0x00000000c1900000, 0x00000000c19a8a60, 0x00000000c1a00000| 65%| O|  |TAMS 0x00000000c1900000, 0x00000000c1900000| Untracked 
|  26|0x00000000c1a00000, 0x00000000c1a022d0, 0x00000000c1b00000|  0%| O|  |TAMS 0x00000000c1a00000, 0x00000000c1a00000| Untracked 
|  27|0x00000000c1b00000, 0x00000000c1b00000, 0x00000000c1c00000|  0%| F|  |TAMS 0x00000000c1b00000, 0x00000000c1b00000| Untracked 
|  28|0x00000000c1c00000, 0x00000000c1c00000, 0x00000000c1d00000|  0%| F|  |TAMS 0x00000000c1c00000, 0x00000000c1c00000| Untracked 
|  29|0x00000000c1d00000, 0x00000000c1d00000, 0x00000000c1e00000|  0%| F|  |TAMS 0x00000000c1d00000, 0x00000000c1d00000| Untracked 
|  30|0x00000000c1e00000, 0x00000000c1e00000, 0x00000000c1f00000|  0%| F|  |TAMS 0x00000000c1e00000, 0x00000000c1e00000| Untracked 
|  31|0x00000000c1f00000, 0x00000000c1f00000, 0x00000000c2000000|  0%| F|  |TAMS 0x00000000c1f00000, 0x00000000c1f00000| Untracked 
|  32|0x00000000c2000000, 0x00000000c2000000, 0x00000000c2100000|  0%| F|  |TAMS 0x00000000c2000000, 0x00000000c2000000| Untracked 
|  33|0x00000000c2100000, 0x00000000c2100000, 0x00000000c2200000|  0%| F|  |TAMS 0x00000000c2100000, 0x00000000c2100000| Untracked 
|  34|0x00000000c2200000, 0x00000000c2200000, 0x00000000c2300000|  0%| F|  |TAMS 0x00000000c2200000, 0x00000000c2200000| Untracked 
|  35|0x00000000c2300000, 0x00000000c2300000, 0x00000000c2400000|  0%| F|  |TAMS 0x00000000c2300000, 0x00000000c2300000| Untracked 
|  36|0x00000000c2400000, 0x00000000c2400000, 0x00000000c2500000|  0%| F|  |TAMS 0x00000000c2400000, 0x00000000c2400000| Untracked 
|  37|0x00000000c2500000, 0x00000000c2500000, 0x00000000c2600000|  0%| F|  |TAMS 0x00000000c2500000, 0x00000000c2500000| Untracked 
|  38|0x00000000c2600000, 0x00000000c2600000, 0x00000000c2700000|  0%| F|  |TAMS 0x00000000c2600000, 0x00000000c2600000| Untracked 
|  39|0x00000000c2700000, 0x00000000c2700000, 0x00000000c2800000|  0%| F|  |TAMS 0x00000000c2700000, 0x00000000c2700000| Untracked 
|  40|0x00000000c2800000, 0x00000000c2900000, 0x00000000c2900000|100%| O|  |TAMS 0x00000000c2900000, 0x00000000c2800000| Untracked 
|  41|0x00000000c2900000, 0x00000000c2900000, 0x00000000c2a00000|  0%| F|  |TAMS 0x00000000c2900000, 0x00000000c2900000| Untracked 
|  42|0x00000000c2a00000, 0x00000000c2a00000, 0x00000000c2b00000|  0%| F|  |TAMS 0x00000000c2a00000, 0x00000000c2a00000| Untracked 
|  43|0x00000000c2b00000, 0x00000000c2b00000, 0x00000000c2c00000|  0%| F|  |TAMS 0x00000000c2b00000, 0x00000000c2b00000| Untracked 
|  44|0x00000000c2c00000, 0x00000000c2c00000, 0x00000000c2d00000|  0%| F|  |TAMS 0x00000000c2c00000, 0x00000000c2c00000| Untracked 
|  45|0x00000000c2d00000, 0x00000000c2d00000, 0x00000000c2e00000|  0%| F|  |TAMS 0x00000000c2d00000, 0x00000000c2d00000| Untracked 
|  46|0x00000000c2e00000, 0x00000000c2e00000, 0x00000000c2f00000|  0%| F|  |TAMS 0x00000000c2e00000, 0x00000000c2e00000| Untracked 
|  47|0x00000000c2f00000, 0x00000000c2f00000, 0x00000000c3000000|  0%| F|  |TAMS 0x00000000c2f00000, 0x00000000c2f00000| Untracked 
|  48|0x00000000c3000000, 0x00000000c3000000, 0x00000000c3100000|  0%| F|  |TAMS 0x00000000c3000000, 0x00000000c3000000| Untracked 
|  49|0x00000000c3100000, 0x00000000c3100000, 0x00000000c3200000|  0%| F|  |TAMS 0x00000000c3100000, 0x00000000c3100000| Untracked 
|  50|0x00000000c3200000, 0x00000000c3200000, 0x00000000c3300000|  0%| F|  |TAMS 0x00000000c3200000, 0x00000000c3200000| Untracked 
|  51|0x00000000c3300000, 0x00000000c3300000, 0x00000000c3400000|  0%| F|  |TAMS 0x00000000c3300000, 0x00000000c3300000| Untracked 
|  52|0x00000000c3400000, 0x00000000c3400000, 0x00000000c3500000|  0%| F|  |TAMS 0x00000000c3400000, 0x00000000c3400000| Untracked 
|  53|0x00000000c3500000, 0x00000000c3500000, 0x00000000c3600000|  0%| F|  |TAMS 0x00000000c3500000, 0x00000000c3500000| Untracked 
|  54|0x00000000c3600000, 0x00000000c3600000, 0x00000000c3700000|  0%| F|  |TAMS 0x00000000c3600000, 0x00000000c3600000| Untracked 
|  55|0x00000000c3700000, 0x00000000c3700000, 0x00000000c3800000|  0%| F|  |TAMS 0x00000000c3700000, 0x00000000c3700000| Untracked 
|  56|0x00000000c3800000, 0x00000000c3800000, 0x00000000c3900000|  0%| F|  |TAMS 0x00000000c3800000, 0x00000000c3800000| Untracked 
|  57|0x00000000c3900000, 0x00000000c3900000, 0x00000000c3a00000|  0%| F|  |TAMS 0x00000000c3900000, 0x00000000c3900000| Untracked 
|  58|0x00000000c3a00000, 0x00000000c3a00000, 0x00000000c3b00000|  0%| F|  |TAMS 0x00000000c3a00000, 0x00000000c3a00000| Untracked 
|  59|0x00000000c3b00000, 0x00000000c3b00000, 0x00000000c3c00000|  0%| F|  |TAMS 0x00000000c3b00000, 0x00000000c3b00000| Untracked 
|  60|0x00000000c3c00000, 0x00000000c3c00000, 0x00000000c3d00000|  0%| F|  |TAMS 0x00000000c3c00000, 0x00000000c3c00000| Untracked 
|  61|0x00000000c3d00000, 0x00000000c3d00000, 0x00000000c3e00000|  0%| F|  |TAMS 0x00000000c3d00000, 0x00000000c3d00000| Untracked 
|  62|0x00000000c3e00000, 0x00000000c3e00000, 0x00000000c3f00000|  0%| F|  |TAMS 0x00000000c3e00000, 0x00000000c3e00000| Untracked 
|  63|0x00000000c3f00000, 0x00000000c3f00000, 0x00000000c4000000|  0%| F|  |TAMS 0x00000000c3f00000, 0x00000000c3f00000| Untracked 
|  64|0x00000000c4000000, 0x00000000c4000000, 0x00000000c4100000|  0%| F|  |TAMS 0x00000000c4000000, 0x00000000c4000000| Untracked 
|  65|0x00000000c4100000, 0x00000000c4100000, 0x00000000c4200000|  0%| F|  |TAMS 0x00000000c4100000, 0x00000000c4100000| Untracked 
|  66|0x00000000c4200000, 0x00000000c42083b8, 0x00000000c4300000|  3%| E|  |TAMS 0x00000000c4200000, 0x00000000c4200000| Complete 

Card table byte_map: [0x0000020e3ea70000,0x0000020e3ec70000] _byte_map_base: 0x0000020e3e470000

Marking Bits (Prev, Next): (CMBitMap*) 0x0000020e38b35760, (CMBitMap*) 0x0000020e38b357a0
 Prev Bits: [0x0000020e3ee70000, 0x0000020e3fe70000)
 Next Bits: [0x0000020e3fe70000, 0x0000020e40e70000)

Polling page: 0x0000020e369d0000

Metaspace:

Usage:
  Non-class:     47.66 MB used.
      Class:      6.97 MB used.
       Both:     54.62 MB used.

Virtual space:
  Non-class space:       64.00 MB reserved,      47.94 MB ( 75%) committed,  1 nodes.
      Class space:        1.00 GB reserved,       7.19 MB ( <1%) committed,  1 nodes.
             Both:        1.06 GB reserved,      55.12 MB (  5%) committed. 

Chunk freelists:
   Non-Class:  15.38 MB
       Class:  8.71 MB
        Both:  24.09 MB

MaxMetaspaceSize: unlimited
CompressedClassSpaceSize: 1.00 GB
Initial GC threshold: 21.00 MB
Current GC threshold: 91.88 MB
CDS: off
MetaspaceReclaimPolicy: balanced
 - commit_granule_bytes: 65536.
 - commit_granule_words: 8192.
 - virtual_space_node_default_size: 8388608.
 - enlarge_chunks_in_place: 1.
 - new_chunks_are_fully_committed: 0.
 - uncommit_free_chunks: 1.
 - use_allocation_guard: 0.
 - handle_deallocations: 1.


Internal statistics:

num_allocs_failed_limit: 6.
num_arena_births: 706.
num_arena_deaths: 286.
num_vsnodes_births: 2.
num_vsnodes_deaths: 0.
num_space_committed: 882.
num_space_uncommitted: 0.
num_chunks_returned_to_freelist: 337.
num_chunks_taken_from_freelist: 2519.
num_chunk_merges: 108.
num_chunk_splits: 1667.
num_chunks_enlarged: 1260.
num_inconsistent_stats: 0.

CodeCache: size=49152Kb used=10347Kb max_used=11351Kb free=38804Kb
 bounds [0x0000020e3b760000, 0x0000020e3c280000, 0x0000020e3e760000]
 total_blobs=6272 nmethods=5619 adapters=580
 compilation: enabled
              stopped_count=0, restarted_count=0
 full_count=0

Compilation events (20 events):
Event: 1465.117 Thread 0x0000020e43a79ae0 5612       1       java.lang.ProcessImpl::exitValue (28 bytes)
Event: 1465.192 Thread 0x0000020e43a79ae0 nmethod 5612 0x0000020e3c239e10 code [0x0000020e3c239fc0, 0x0000020e3c23a118]
Event: 1465.192 Thread 0x0000020e43a79ae0 5615   !   1       com.google.common.io.Closeables::closeQuietly (19 bytes)
Event: 1465.202 Thread 0x0000020e43a79ae0 nmethod 5615 0x0000020e3c239a10 code [0x0000020e3c239bc0, 0x0000020e3c239d38]
Event: 1465.202 Thread 0x0000020e43a79ae0 5613       1       java.lang.ProcessImpl::getInputStream (5 bytes)
Event: 1465.203 Thread 0x0000020e43a79ae0 nmethod 5613 0x0000020e3c239710 code [0x0000020e3c2398a0, 0x0000020e3c239978]
Event: 1465.204 Thread 0x0000020e43a79ae0 5614       1       java.lang.ProcessImpl::getErrorStream (5 bytes)
Event: 1465.204 Thread 0x0000020e43a79ae0 nmethod 5614 0x0000020e3c239410 code [0x0000020e3c2395a0, 0x0000020e3c239678]
Event: 1465.204 Thread 0x0000020e43a79ae0 5616       1       java.lang.ProcessImpl::getOutputStream (5 bytes)
Event: 1465.206 Thread 0x0000020e43a79ae0 nmethod 5616 0x0000020e3c239110 code [0x0000020e3c2392a0, 0x0000020e3c239378]
Event: 1906.861 Thread 0x0000020e43a79ae0 5617       1       java.util.Properties::getProperty (16 bytes)
Event: 1906.867 Thread 0x0000020e43a79ae0 nmethod 5617 0x0000020e3c238e10 code [0x0000020e3c238fa0, 0x0000020e3c2390a8]
Event: 2104.976 Thread 0x0000020e43a79ae0 5618       1       java.util.concurrent.ConcurrentLinkedDeque::first (65 bytes)
Event: 2105.008 Thread 0x0000020e43a79ae0 nmethod 5618 0x0000020e3c238410 code [0x0000020e3c238600, 0x0000020e3c238af8]
Event: 2163.270 Thread 0x0000020e43a79ae0 5619       1       java.lang.System::getProperty (26 bytes)
Event: 2163.335 Thread 0x0000020e43a79ae0 nmethod 5619 0x0000020e3c237b90 code [0x0000020e3c237da0, 0x0000020e3c238188]
Event: 2255.649 Thread 0x0000020e43a79ae0 5620       1       java.lang.Runtime::exec (73 bytes)
Event: 2255.674 Thread 0x0000020e43a79ae0 nmethod 5620 0x0000020e3c237090 code [0x0000020e3c2372a0, 0x0000020e3c237838]
Event: 2255.675 Thread 0x0000020e43a79ae0 5621       1       java.lang.ProcessBuilder::<init> (56 bytes)
Event: 2255.682 Thread 0x0000020e43a79ae0 nmethod 5621 0x0000020e3c236b90 code [0x0000020e3c236d40, 0x0000020e3c236f78]

GC Heap History (20 events):
Event: 2194.376 GC heap before
{Heap before GC invocations=213 (full 198):
 garbage-first heap   total 68608K, used 27298K [0x00000000c0000000, 0x0000000100000000)
  region size 1024K, 1 young (1024K), 0 survivors (0K)
 Metaspace       used 55935K, committed 56448K, reserved 1114112K
  class space    used 7135K, committed 7360K, reserved 1048576K
}
Event: 2194.425 GC heap after
{Heap after GC invocations=214 (full 199):
 garbage-first heap   total 68608K, used 27298K [0x00000000c0000000, 0x0000000100000000)
  region size 1024K, 0 young (0K), 0 survivors (0K)
 Metaspace       used 55935K, committed 56448K, reserved 1114112K
  class space    used 7135K, committed 7360K, reserved 1048576K
}
Event: 2204.607 GC heap before
{Heap before GC invocations=214 (full 199):
 garbage-first heap   total 68608K, used 27298K [0x00000000c0000000, 0x0000000100000000)
  region size 1024K, 1 young (1024K), 0 survivors (0K)
 Metaspace       used 55935K, committed 56448K, reserved 1114112K
  class space    used 7135K, committed 7360K, reserved 1048576K
}
Event: 2204.651 GC heap after
{Heap after GC invocations=215 (full 200):
 garbage-first heap   total 68608K, used 27298K [0x00000000c0000000, 0x0000000100000000)
  region size 1024K, 0 young (0K), 0 survivors (0K)
 Metaspace       used 55935K, committed 56448K, reserved 1114112K
  class space    used 7135K, committed 7360K, reserved 1048576K
}
Event: 2214.835 GC heap before
{Heap before GC invocations=215 (full 200):
 garbage-first heap   total 68608K, used 27298K [0x00000000c0000000, 0x0000000100000000)
  region size 1024K, 1 young (1024K), 0 survivors (0K)
 Metaspace       used 55935K, committed 56448K, reserved 1114112K
  class space    used 7135K, committed 7360K, reserved 1048576K
}
Event: 2214.886 GC heap after
{Heap after GC invocations=216 (full 201):
 garbage-first heap   total 68608K, used 27298K [0x00000000c0000000, 0x0000000100000000)
  region size 1024K, 0 young (0K), 0 survivors (0K)
 Metaspace       used 55935K, committed 56448K, reserved 1114112K
  class space    used 7135K, committed 7360K, reserved 1048576K
}
Event: 2225.037 GC heap before
{Heap before GC invocations=216 (full 201):
 garbage-first heap   total 68608K, used 27298K [0x00000000c0000000, 0x0000000100000000)
  region size 1024K, 1 young (1024K), 0 survivors (0K)
 Metaspace       used 55935K, committed 56448K, reserved 1114112K
  class space    used 7135K, committed 7360K, reserved 1048576K
}
Event: 2225.083 GC heap after
{Heap after GC invocations=217 (full 202):
 garbage-first heap   total 68608K, used 27298K [0x00000000c0000000, 0x0000000100000000)
  region size 1024K, 0 young (0K), 0 survivors (0K)
 Metaspace       used 55935K, committed 56448K, reserved 1114112K
  class space    used 7135K, committed 7360K, reserved 1048576K
}
Event: 2235.278 GC heap before
{Heap before GC invocations=217 (full 202):
 garbage-first heap   total 68608K, used 27298K [0x00000000c0000000, 0x0000000100000000)
  region size 1024K, 1 young (1024K), 0 survivors (0K)
 Metaspace       used 55935K, committed 56448K, reserved 1114112K
  class space    used 7135K, committed 7360K, reserved 1048576K
}
Event: 2235.328 GC heap after
{Heap after GC invocations=218 (full 203):
 garbage-first heap   total 68608K, used 27298K [0x00000000c0000000, 0x0000000100000000)
  region size 1024K, 0 young (0K), 0 survivors (0K)
 Metaspace       used 55935K, committed 56448K, reserved 1114112K
  class space    used 7135K, committed 7360K, reserved 1048576K
}
Event: 2245.565 GC heap before
{Heap before GC invocations=218 (full 203):
 garbage-first heap   total 68608K, used 27298K [0x00000000c0000000, 0x0000000100000000)
  region size 1024K, 1 young (1024K), 0 survivors (0K)
 Metaspace       used 55935K, committed 56448K, reserved 1114112K
  class space    used 7135K, committed 7360K, reserved 1048576K
}
Event: 2245.633 GC heap after
{Heap after GC invocations=219 (full 204):
 garbage-first heap   total 68608K, used 27298K [0x00000000c0000000, 0x0000000100000000)
  region size 1024K, 0 young (0K), 0 survivors (0K)
 Metaspace       used 55935K, committed 56448K, reserved 1114112K
  class space    used 7135K, committed 7360K, reserved 1048576K
}
Event: 2255.799 GC heap before
{Heap before GC invocations=219 (full 204):
 garbage-first heap   total 68608K, used 27298K [0x00000000c0000000, 0x0000000100000000)
  region size 1024K, 1 young (1024K), 0 survivors (0K)
 Metaspace       used 55935K, committed 56448K, reserved 1114112K
  class space    used 7135K, committed 7360K, reserved 1048576K
}
Event: 2255.843 GC heap after
{Heap after GC invocations=220 (full 205):
 garbage-first heap   total 68608K, used 27298K [0x00000000c0000000, 0x0000000100000000)
  region size 1024K, 0 young (0K), 0 survivors (0K)
 Metaspace       used 55935K, committed 56448K, reserved 1114112K
  class space    used 7135K, committed 7360K, reserved 1048576K
}
Event: 2265.993 GC heap before
{Heap before GC invocations=220 (full 205):
 garbage-first heap   total 68608K, used 27298K [0x00000000c0000000, 0x0000000100000000)
  region size 1024K, 1 young (1024K), 0 survivors (0K)
 Metaspace       used 55935K, committed 56448K, reserved 1114112K
  class space    used 7135K, committed 7360K, reserved 1048576K
}
Event: 2266.039 GC heap after
{Heap after GC invocations=221 (full 206):
 garbage-first heap   total 68608K, used 27298K [0x00000000c0000000, 0x0000000100000000)
  region size 1024K, 0 young (0K), 0 survivors (0K)
 Metaspace       used 55935K, committed 56448K, reserved 1114112K
  class space    used 7135K, committed 7360K, reserved 1048576K
}
Event: 2276.237 GC heap before
{Heap before GC invocations=221 (full 206):
 garbage-first heap   total 68608K, used 27298K [0x00000000c0000000, 0x0000000100000000)
  region size 1024K, 1 young (1024K), 0 survivors (0K)
 Metaspace       used 55935K, committed 56448K, reserved 1114112K
  class space    used 7135K, committed 7360K, reserved 1048576K
}
Event: 2276.278 GC heap after
{Heap after GC invocations=222 (full 207):
 garbage-first heap   total 68608K, used 27298K [0x00000000c0000000, 0x0000000100000000)
  region size 1024K, 0 young (0K), 0 survivors (0K)
 Metaspace       used 55935K, committed 56448K, reserved 1114112K
  class space    used 7135K, committed 7360K, reserved 1048576K
}
Event: 2286.462 GC heap before
{Heap before GC invocations=222 (full 207):
 garbage-first heap   total 68608K, used 27298K [0x00000000c0000000, 0x0000000100000000)
  region size 1024K, 1 young (1024K), 0 survivors (0K)
 Metaspace       used 55935K, committed 56448K, reserved 1114112K
  class space    used 7135K, committed 7360K, reserved 1048576K
}
Event: 2286.512 GC heap after
{Heap after GC invocations=223 (full 208):
 garbage-first heap   total 68608K, used 27298K [0x00000000c0000000, 0x0000000100000000)
  region size 1024K, 0 young (0K), 0 survivors (0K)
 Metaspace       used 55935K, committed 56448K, reserved 1114112K
  class space    used 7135K, committed 7360K, reserved 1048576K
}

Dll operation events (9 events):
Event: 0.017 Loaded shared library c:\Users\DEV\.vscode\extensions\redhat.java-1.23.0-win32-x64\jre\17.0.8.1-win32-x86_64\bin\java.dll
Event: 0.829 Loaded shared library C:\Users\DEV\.vscode\extensions\redhat.java-1.23.0-win32-x64\jre\17.0.8.1-win32-x86_64\bin\net.dll
Event: 0.831 Loaded shared library C:\Users\DEV\.vscode\extensions\redhat.java-1.23.0-win32-x64\jre\17.0.8.1-win32-x86_64\bin\nio.dll
Event: 0.844 Loaded shared library C:\Users\DEV\.vscode\extensions\redhat.java-1.23.0-win32-x64\jre\17.0.8.1-win32-x86_64\bin\zip.dll
Event: 1.376 Loaded shared library C:\Users\DEV\.vscode\extensions\redhat.java-1.23.0-win32-x64\jre\17.0.8.1-win32-x86_64\bin\jimage.dll
Event: 4.538 Loaded shared library c:\Users\DEV\.vscode\extensions\redhat.java-1.23.0-win32-x64\jre\17.0.8.1-win32-x86_64\bin\verify.dll
Event: 5.067 Loaded shared library C:\Users\DEV\.vscode\extensions\redhat.java-1.23.0-win32-x64\jre\17.0.8.1-win32-x86_64\bin\management.dll
Event: 5.072 Loaded shared library C:\Users\DEV\.vscode\extensions\redhat.java-1.23.0-win32-x64\jre\17.0.8.1-win32-x86_64\bin\management_ext.dll
Event: 6.394 Loaded shared library C:\Users\DEV\.vscode\extensions\redhat.java-1.23.0-win32-x64\jre\17.0.8.1-win32-x86_64\bin\sunmscapi.dll

Deoptimization events (16 events):
Event: 3.286 Thread 0x0000020e38af7050 DEOPT PACKING pc=0x0000020e3bd70199 sp=0x000000342c6fd550
Event: 3.286 Thread 0x0000020e38af7050 DEOPT UNPACKING pc=0x0000020e3b7b7143 sp=0x000000342c6fca30 mode 3
Event: 5.391 Thread 0x0000020e4945ccb0 DEOPT PACKING pc=0x0000020e3bf6eeb5 sp=0x000000342e8fe5f0
Event: 5.391 Thread 0x0000020e4945ccb0 DEOPT UNPACKING pc=0x0000020e3b7b7143 sp=0x000000342e8fdb08 mode 3
Event: 5.418 Thread 0x0000020e4942c040 DEOPT PACKING pc=0x0000020e3bd18181 sp=0x000000342e6fdda0
Event: 5.418 Thread 0x0000020e4942c040 DEOPT UNPACKING pc=0x0000020e3b7b7143 sp=0x000000342e6fd230 mode 3
Event: 5.429 Thread 0x0000020e4945c7d0 DEOPT PACKING pc=0x0000020e3bcf6e97 sp=0x000000342e7fece0
Event: 5.429 Thread 0x0000020e4945c7d0 DEOPT UNPACKING pc=0x0000020e3b7b7143 sp=0x000000342e7fe138 mode 3
Event: 6.234 Thread 0x0000020e48e75270 DEOPT PACKING pc=0x0000020e3b949d0c sp=0x000000342f0feaa0
Event: 6.234 Thread 0x0000020e48e75270 DEOPT UNPACKING pc=0x0000020e3b7b7143 sp=0x000000342f0fdf68 mode 0
Event: 164.141 Thread 0x0000020e4942c040 DEOPT PACKING pc=0x0000020e3bdee7d4 sp=0x000000342e6ff0b0
Event: 164.141 Thread 0x0000020e4942c040 DEOPT UNPACKING pc=0x0000020e3b7b7143 sp=0x000000342e6fe558 mode 0
Event: 171.739 Thread 0x0000020e43b6f740 DEOPT PACKING pc=0x0000020e3c12f96e sp=0x000000342c4fdb50
Event: 171.739 Thread 0x0000020e43b6f740 DEOPT UNPACKING pc=0x0000020e3b7b7143 sp=0x000000342c4fd048 mode 3
Event: 564.790 Thread 0x0000020e43b6d8e0 DEOPT PACKING pc=0x0000020e3baa92fd sp=0x000000342f4fdc40
Event: 564.790 Thread 0x0000020e43b6d8e0 DEOPT UNPACKING pc=0x0000020e3b7b7143 sp=0x000000342f4fd1a8 mode 3

Classes unloaded (20 events):
Event: 615.788 Thread 0x0000020e438f5110 Unloading class 0x0000000100731800 'java/lang/invoke/LambdaForm$MH+0x0000000100731800'
Event: 615.788 Thread 0x0000020e438f5110 Unloading class 0x0000000100731400 'java/lang/invoke/LambdaForm$MH+0x0000000100731400'
Event: 615.788 Thread 0x0000020e438f5110 Unloading class 0x0000000100730c00 'java/lang/invoke/LambdaForm$MH+0x0000000100730c00'
Event: 615.788 Thread 0x0000020e438f5110 Unloading class 0x0000000100730800 'java/lang/invoke/LambdaForm$MH+0x0000000100730800'
Event: 615.788 Thread 0x0000020e438f5110 Unloading class 0x0000000100730400 'java/lang/invoke/LambdaForm$MH+0x0000000100730400'
Event: 615.788 Thread 0x0000020e438f5110 Unloading class 0x0000000100730000 'java/lang/invoke/LambdaForm$MH+0x0000000100730000'
Event: 615.788 Thread 0x0000020e438f5110 Unloading class 0x000000010072bc00 'java/lang/invoke/LambdaForm$MH+0x000000010072bc00'
Event: 615.788 Thread 0x0000020e438f5110 Unloading class 0x000000010072b800 'java/lang/invoke/LambdaForm$MH+0x000000010072b800'
Event: 615.788 Thread 0x0000020e438f5110 Unloading class 0x000000010072b000 'java/lang/invoke/LambdaForm$MH+0x000000010072b000'
Event: 615.788 Thread 0x0000020e438f5110 Unloading class 0x000000010072ac00 'java/lang/invoke/LambdaForm$MH+0x000000010072ac00'
Event: 615.788 Thread 0x0000020e438f5110 Unloading class 0x000000010072a800 'java/lang/invoke/LambdaForm$MH+0x000000010072a800'
Event: 615.788 Thread 0x0000020e438f5110 Unloading class 0x000000010072a400 'java/lang/invoke/LambdaForm$MH+0x000000010072a400'
Event: 615.788 Thread 0x0000020e438f5110 Unloading class 0x000000010072a000 'java/lang/invoke/LambdaForm$MH+0x000000010072a000'
Event: 615.788 Thread 0x0000020e438f5110 Unloading class 0x0000000100729c00 'java/lang/invoke/LambdaForm$MH+0x0000000100729c00'
Event: 615.788 Thread 0x0000020e438f5110 Unloading class 0x0000000100729400 'java/lang/invoke/LambdaForm$MH+0x0000000100729400'
Event: 615.788 Thread 0x0000020e438f5110 Unloading class 0x0000000100729000 'java/lang/invoke/LambdaForm$MH+0x0000000100729000'
Event: 615.788 Thread 0x0000020e438f5110 Unloading class 0x0000000100728c00 'java/lang/invoke/LambdaForm$MH+0x0000000100728c00'
Event: 615.788 Thread 0x0000020e438f5110 Unloading class 0x0000000100728800 'java/lang/invoke/LambdaForm$MH+0x0000000100728800'
Event: 615.788 Thread 0x0000020e438f5110 Unloading class 0x0000000100728400 'java/lang/invoke/LambdaForm$MH+0x0000000100728400'
Event: 615.788 Thread 0x0000020e438f5110 Unloading class 0x0000000100728000 'java/lang/invoke/LambdaForm$MH+0x0000000100728000'

Classes redefined (0 events):
No events

Internal exceptions (20 events):
Event: 564.683 Thread 0x0000020e43b6d8e0 Exception <a 'sun/nio/fs/WindowsException'{0x00000000c40122d0}> (0x00000000c40122d0) 
thrown [s\src\hotspot\share\prims\jni.cpp, line 516]
Event: 564.684 Thread 0x0000020e43b6d8e0 Exception <a 'sun/nio/fs/WindowsException'{0x00000000c4012b30}> (0x00000000c4012b30) 
thrown [s\src\hotspot\share\prims\jni.cpp, line 516]
Event: 564.684 Thread 0x0000020e43b6d8e0 Exception <a 'sun/nio/fs/WindowsException'{0x00000000c4012f70}> (0x00000000c4012f70) 
thrown [s\src\hotspot\share\prims\jni.cpp, line 516]
Event: 564.684 Thread 0x0000020e43b6d8e0 Exception <a 'sun/nio/fs/WindowsException'{0x00000000c4013f58}> (0x00000000c4013f58) 
thrown [s\src\hotspot\share\prims\jni.cpp, line 516]
Event: 564.684 Thread 0x0000020e43b6d8e0 Exception <a 'sun/nio/fs/WindowsException'{0x00000000c40143d8}> (0x00000000c40143d8) 
thrown [s\src\hotspot\share\prims\jni.cpp, line 516]
Event: 564.684 Thread 0x0000020e43b6d8e0 Exception <a 'sun/nio/fs/WindowsException'{0x00000000c4015188}> (0x00000000c4015188) 
thrown [s\src\hotspot\share\prims\jni.cpp, line 516]
Event: 564.685 Thread 0x0000020e43b6d8e0 Exception <a 'sun/nio/fs/WindowsException'{0x00000000c40159e8}> (0x00000000c40159e8) 
thrown [s\src\hotspot\share\prims\jni.cpp, line 516]
Event: 564.685 Thread 0x0000020e43b6d8e0 Exception <a 'sun/nio/fs/WindowsException'{0x00000000c4015e28}> (0x00000000c4015e28) 
thrown [s\src\hotspot\share\prims\jni.cpp, line 516]
Event: 564.685 Thread 0x0000020e43b6d8e0 Exception <a 'sun/nio/fs/WindowsException'{0x00000000c4016e10}> (0x00000000c4016e10) 
thrown [s\src\hotspot\share\prims\jni.cpp, line 516]
Event: 564.685 Thread 0x0000020e43b6d8e0 Exception <a 'sun/nio/fs/WindowsException'{0x00000000c4017290}> (0x00000000c4017290) 
thrown [s\src\hotspot\share\prims\jni.cpp, line 516]
Event: 565.033 Thread 0x0000020e43b6d8e0 Exception <a 'sun/nio/fs/WindowsException'{0x00000000c34b0ae0}> (0x00000000c34b0ae0) 
thrown [s\src\hotspot\share\prims\jni.cpp, line 516]
Event: 565.034 Thread 0x0000020e43b6d8e0 Exception <a 'sun/nio/fs/WindowsException'{0x00000000c34b1300}> (0x00000000c34b1300) 
thrown [s\src\hotspot\share\prims\jni.cpp, line 516]
Event: 565.034 Thread 0x0000020e43b6d8e0 Exception <a 'sun/nio/fs/WindowsException'{0x00000000c34b1720}> (0x00000000c34b1720) 
thrown [s\src\hotspot\share\prims\jni.cpp, line 516]
Event: 565.034 Thread 0x0000020e43b6d8e0 Exception <a 'sun/nio/fs/WindowsException'{0x00000000c34b27a0}> (0x00000000c34b27a0) 
thrown [s\src\hotspot\share\prims\jni.cpp, line 516]
Event: 565.034 Thread 0x0000020e43b6d8e0 Exception <a 'sun/nio/fs/WindowsException'{0x00000000c34b2c00}> (0x00000000c34b2c00) 
thrown [s\src\hotspot\share\prims\jni.cpp, line 516]
Event: 565.034 Thread 0x0000020e43b6d8e0 Exception <a 'sun/nio/fs/WindowsException'{0x00000000c34b39b0}> (0x00000000c34b39b0) 
thrown [s\src\hotspot\share\prims\jni.cpp, line 516]
Event: 565.035 Thread 0x0000020e43b6d8e0 Exception <a 'sun/nio/fs/WindowsException'{0x00000000c34b4210}> (0x00000000c34b4210) 
thrown [s\src\hotspot\share\prims\jni.cpp, line 516]
Event: 565.035 Thread 0x0000020e43b6d8e0 Exception <a 'sun/nio/fs/WindowsException'{0x00000000c34b4650}> (0x00000000c34b4650) 
thrown [s\src\hotspot\share\prims\jni.cpp, line 516]
Event: 565.035 Thread 0x0000020e43b6d8e0 Exception <a 'sun/nio/fs/WindowsException'{0x00000000c34b5638}> (0x00000000c34b5638) 
thrown [s\src\hotspot\share\prims\jni.cpp, line 516]
Event: 565.035 Thread 0x0000020e43b6d8e0 Exception <a 'sun/nio/fs/WindowsException'{0x00000000c34b5ab8}> (0x00000000c34b5ab8) 
thrown [s\src\hotspot\share\prims\jni.cpp, line 516]

VM Operations (20 events):
Event: 2194.425 Executing VM operation: G1CollectFull done
Event: 2204.607 Executing VM operation: G1CollectFull
Event: 2204.651 Executing VM operation: G1CollectFull done
Event: 2214.835 Executing VM operation: G1CollectFull
Event: 2214.887 Executing VM operation: G1CollectFull done
Event: 2225.037 Executing VM operation: G1CollectFull
Event: 2225.083 Executing VM operation: G1CollectFull done
Event: 2235.277 Executing VM operation: G1CollectFull
Event: 2235.328 Executing VM operation: G1CollectFull done
Event: 2245.565 Executing VM operation: G1CollectFull
Event: 2245.633 Executing VM operation: G1CollectFull done
Event: 2255.798 Executing VM operation: G1CollectFull
Event: 2255.844 Executing VM operation: G1CollectFull done
Event: 2265.993 Executing VM operation: G1CollectFull
Event: 2266.040 Executing VM operation: G1CollectFull done
Event: 2276.237 Executing VM operation: G1CollectFull
Event: 2276.278 Executing VM operation: G1CollectFull done
Event: 2286.462 Executing VM operation: G1CollectFull
Event: 2286.512 Executing VM operation: G1CollectFull done
Event: 2296.679 Executing VM operation: G1CollectFull

Events (20 events):
Event: 564.729 loading class java/text/BreakIterator$BreakIteratorCache done
Event: 564.729 loading class java/text/StringCharacterIterator
Event: 564.729 loading class java/text/CharacterIterator
Event: 564.729 loading class java/text/CharacterIterator done
Event: 564.729 loading class java/text/StringCharacterIterator done
Event: 564.747 Thread 0x0000020e49d20f70 Thread added: 0x0000020e49d20f70
Event: 565.070 Thread 0x0000020e496af850 Thread added: 0x0000020e496af850
Event: 565.090 loading class java/util/EmptyStackException
Event: 565.090 loading class java/util/EmptyStackException done
Event: 565.144 loading class java/io/InvalidClassException
Event: 565.144 loading class java/io/InvalidClassException done
Event: 565.160 loading class java/util/ArrayList$ListItr
Event: 565.160 loading class java/util/ArrayList$ListItr done
Event: 567.406 Thread 0x0000020e43b70670 Thread added: 0x0000020e43b70670
Event: 567.444 Thread 0x0000020e43b6ab50 Thread added: 0x0000020e43b6ab50
Event: 568.859 Thread 0x0000020e496af850 Thread exited: 0x0000020e496af850
Event: 577.850 Thread 0x0000020e49d20f70 Thread exited: 0x0000020e49d20f70
Event: 627.655 Thread 0x0000020e43b6c4a0 Thread exited: 0x0000020e43b6c4a0
Event: 628.860 Thread 0x0000020e43b6d3d0 Thread exited: 0x0000020e43b6d3d0
Event: 632.846 Thread 0x0000020e43b6ab50 Thread exited: 0x0000020e43b6ab50


Dynamic libraries:
0x00007ff7ca460000 - 0x00007ff7ca46e000 	c:\Users\DEV\.vscode\extensions\redhat.java-1.23.0-win32-x64\jre\17.0.8.1-win32-x86_64\bin\java.exe
0x00007ff874eb0000 - 0x00007ff8750c4000 	C:\WINDOWS\SYSTEM32\ntdll.dll
0x00007ff81a0f0000 - 0x00007ff81a109000 	C:\Program Files\Avast Software\Avast\aswhook.dll
0x00007ff873df0000 - 0x00007ff873eb4000 	C:\WINDOWS\System32\KERNEL32.DLL
0x00007ff872720000 - 0x00007ff872ac4000 	C:\WINDOWS\System32\KERNELBASE.dll
0x00007ff872600000 - 0x00007ff872711000 	C:\WINDOWS\System32\ucrtbase.dll
0x00007ff854100000 - 0x00007ff854117000 	c:\Users\DEV\.vscode\extensions\redhat.java-1.23.0-win32-x64\jre\17.0.8.1-win32-x86_64\bin\jli.dll
0x00007ff874b40000 - 0x00007ff874cee000 	C:\WINDOWS\System32\USER32.dll
0x00007ff872260000 - 0x00007ff872286000 	C:\WINDOWS\System32\win32u.dll
0x00007ff873040000 - 0x00007ff873069000 	C:\WINDOWS\System32\GDI32.dll
0x00007ff872300000 - 0x00007ff872418000 	C:\WINDOWS\System32\gdi32full.dll
0x00007ff872560000 - 0x00007ff8725fa000 	C:\WINDOWS\System32\msvcp_win.dll
0x00007ff8470f0000 - 0x00007ff847109000 	c:\Users\DEV\.vscode\extensions\redhat.java-1.23.0-win32-x64\jre\17.0.8.1-win32-x86_64\bin\VCRUNTIME140.dll
0x00007ff84bbb0000 - 0x00007ff84be43000 	C:\WINDOWS\WinSxS\amd64_microsoft.windows.common-controls_6595b64144ccf1df_6.0.22621.2215_none_270d72677387dfc3\COMCTL32.dll
0x00007ff872ca0000 - 0x00007ff872d47000 	C:\WINDOWS\System32\msvcrt.dll
0x00007ff874970000 - 0x00007ff8749a1000 	C:\WINDOWS\System32\IMM32.DLL
0x00007ff8585e0000 - 0x00007ff8585ec000 	c:\Users\DEV\.vscode\extensions\redhat.java-1.23.0-win32-x64\jre\17.0.8.1-win32-x86_64\bin\vcruntime140_1.dll
0x00007ff830780000 - 0x00007ff830811000 	c:\Users\DEV\.vscode\extensions\redhat.java-1.23.0-win32-x64\jre\17.0.8.1-win32-x86_64\bin\msvcp140.dll
0x00007fffb7690000 - 0x00007fffb82dc000 	c:\Users\DEV\.vscode\extensions\redhat.java-1.23.0-win32-x64\jre\17.0.8.1-win32-x86_64\bin\server\jvm.dll
0x00007ff873ef0000 - 0x00007ff873fa0000 	C:\WINDOWS\System32\ADVAPI32.dll
0x00007ff873a00000 - 0x00007ff873aa6000 	C:\WINDOWS\System32\sechost.dll
0x00007ff873ab0000 - 0x00007ff873bc7000 	C:\WINDOWS\System32\RPCRT4.dll
0x00007ff871110000 - 0x00007ff87115d000 	C:\WINDOWS\SYSTEM32\POWRPROF.dll
0x00007ff857eb0000 - 0x00007ff857eb9000 	C:\WINDOWS\SYSTEM32\WSOCK32.dll
0x00007ff872da0000 - 0x00007ff872e11000 	C:\WINDOWS\System32\WS2_32.dll
0x00007ff86bf70000 - 0x00007ff86bfa4000 	C:\WINDOWS\SYSTEM32\WINMM.dll
0x00007ff85ece0000 - 0x00007ff85ecea000 	C:\WINDOWS\SYSTEM32\VERSION.dll
0x00007ff8710f0000 - 0x00007ff871103000 	C:\WINDOWS\SYSTEM32\UMPDC.dll
0x00007ff8713a0000 - 0x00007ff8713b8000 	C:\WINDOWS\SYSTEM32\kernel.appcore.dll
0x00007ff858310000 - 0x00007ff85831a000 	c:\Users\DEV\.vscode\extensions\redhat.java-1.23.0-win32-x64\jre\17.0.8.1-win32-x86_64\bin\jimage.dll
0x00007ff86fcf0000 - 0x00007ff86ff1e000 	C:\WINDOWS\SYSTEM32\DBGHELP.DLL
0x00007ff873fa0000 - 0x00007ff87432a000 	C:\WINDOWS\System32\combase.dll
0x00007ff873920000 - 0x00007ff8739f7000 	C:\WINDOWS\System32\OLEAUT32.dll
0x00007ff86bf30000 - 0x00007ff86bf62000 	C:\WINDOWS\SYSTEM32\dbgcore.DLL
0x00007ff872420000 - 0x00007ff87249a000 	C:\WINDOWS\System32\bcryptPrimitives.dll
0x00007ff81c990000 - 0x00007ff81c9b5000 	c:\Users\DEV\.vscode\extensions\redhat.java-1.23.0-win32-x64\jre\17.0.8.1-win32-x86_64\bin\java.dll
0x00007ff8470d0000 - 0x00007ff8470e8000 	c:\Users\DEV\.vscode\extensions\redhat.java-1.23.0-win32-x64\jre\17.0.8.1-win32-x86_64\bin\zip.dll
0x00007ff8730f0000 - 0x00007ff873913000 	C:\WINDOWS\System32\SHELL32.dll
0x00007ff870200000 - 0x00007ff870aea000 	C:\WINDOWS\SYSTEM32\windows.storage.dll
0x00007ff8700c0000 - 0x00007ff8701fe000 	C:\WINDOWS\SYSTEM32\wintypes.dll
0x00007ff874cf0000 - 0x00007ff874de3000 	C:\WINDOWS\System32\SHCORE.dll
0x00007ff873d90000 - 0x00007ff873dee000 	C:\WINDOWS\System32\shlwapi.dll
0x00007ff872190000 - 0x00007ff8721b6000 	C:\WINDOWS\SYSTEM32\profapi.dll
0x00007ff836140000 - 0x00007ff836159000 	C:\Users\DEV\.vscode\extensions\redhat.java-1.23.0-win32-x64\jre\17.0.8.1-win32-x86_64\bin\net.dll
0x00007ff868580000 - 0x00007ff8686b7000 	C:\WINDOWS\SYSTEM32\WINHTTP.dll
0x00007ff871820000 - 0x00007ff871889000 	C:\WINDOWS\system32\mswsock.dll
0x00007ff830760000 - 0x00007ff830775000 	C:\Users\DEV\.vscode\extensions\redhat.java-1.23.0-win32-x64\jre\17.0.8.1-win32-x86_64\bin\nio.dll
0x00007ff871a70000 - 0x00007ff871a8b000 	C:\WINDOWS\SYSTEM32\CRYPTSP.dll
0x00007ff871310000 - 0x00007ff871345000 	C:\WINDOWS\system32\rsaenh.dll
0x00007ff871910000 - 0x00007ff87193c000 	C:\WINDOWS\SYSTEM32\USERENV.dll
0x00007ff871c10000 - 0x00007ff871c38000 	C:\WINDOWS\SYSTEM32\bcrypt.dll
0x00007ff871a90000 - 0x00007ff871a9c000 	C:\WINDOWS\SYSTEM32\CRYPTBASE.dll
0x00007ff870d40000 - 0x00007ff870d6d000 	C:\WINDOWS\SYSTEM32\IPHLPAPI.DLL
0x00007ff8730e0000 - 0x00007ff8730e9000 	C:\WINDOWS\System32\NSI.dll
0x00007ff868560000 - 0x00007ff868579000 	C:\WINDOWS\SYSTEM32\dhcpcsvc6.DLL
0x00007ff868380000 - 0x00007ff86839f000 	C:\WINDOWS\SYSTEM32\dhcpcsvc.DLL
0x00007ff870d70000 - 0x00007ff870e62000 	C:\WINDOWS\SYSTEM32\DNSAPI.dll
0x00007ff847200000 - 0x00007ff847210000 	c:\Users\DEV\.vscode\extensions\redhat.java-1.23.0-win32-x64\jre\17.0.8.1-win32-x86_64\bin\verify.dll
0x00007ff843110000 - 0x00007ff843119000 	C:\Users\DEV\.vscode\extensions\redhat.java-1.23.0-win32-x64\jre\17.0.8.1-win32-x86_64\bin\management.dll
0x00007ff836300000 - 0x00007ff83630b000 	C:\Users\DEV\.vscode\extensions\redhat.java-1.23.0-win32-x64\jre\17.0.8.1-win32-x86_64\bin\management_ext.dll
0x00007ff872e30000 - 0x00007ff872e38000 	C:\WINDOWS\System32\PSAPI.DLL
0x00007ff844cc0000 - 0x00007ff844cce000 	C:\Users\DEV\.vscode\extensions\redhat.java-1.23.0-win32-x64\jre\17.0.8.1-win32-x86_64\bin\sunmscapi.dll
0x00007ff872ad0000 - 0x00007ff872c36000 	C:\WINDOWS\System32\CRYPT32.dll
0x00007ff871be0000 - 0x00007ff871c0e000 	C:\WINDOWS\SYSTEM32\ncrypt.dll
0x00007ff871ba0000 - 0x00007ff871bd7000 	C:\WINDOWS\SYSTEM32\NTASN1.dll
0x00007ff8626f0000 - 0x00007ff8626fa000 	C:\Windows\System32\rasadhlp.dll
0x00007ff864730000 - 0x00007ff8647b4000 	C:\WINDOWS\System32\fwpuclnt.dll

dbghelp: loaded successfully - version: 4.0.5 - missing functions: none
symbol engine: initialized successfully - sym options: 0x614 - pdb path: .;c:\Users\DEV\.vscode\extensions\redhat.java-1.23.0-win32-x64\jre\17.0.8.1-win32-x86_64\bin;C:\WINDOWS\SYSTEM32;C:\Program Files\Avast Software\Avast;C:\WINDOWS\WinSxS\amd64_microsoft.windows.common-controls_6595b64144ccf1df_6.0.22621.2215_none_270d72677387dfc3;c:\Users\DEV\.vscode\extensions\redhat.java-1.23.0-win32-x64\jre\17.0.8.1-win32-x86_64\bin\server

VM Arguments:
jvm_args: -XX:+HeapDumpOnOutOfMemoryError -Xmx1024m -Dsts.lsp.client=vscode -Dsts.log.file=/dev/null -XX:TieredStopAtLevel=1 -Xlog:jni+resolve=off -Dspring.config.location=file:c:\Users\DEV\.vscode\extensions\vmware.vscode-spring-boot-1.49.0\language-server\BOOT-INF\classes\application.properties 
java_command: org.springframework.ide.vscode.boot.app.BootLanguageServerBootApp
java_class_path (initial): c:\Users\DEV\.vscode\extensions\vmware.vscode-spring-boot-1.49.0\language-server\BOOT-INF\classes;c:\Users\DEV\.vscode\extensions\vmware.vscode-spring-boot-1.49.0\language-server\BOOT-INF\lib\annotations-24.0.1.jar;c:\Users\DEV\.vscode\extensions\vmware.vscode-spring-boot-1.49.0\language-server\BOOT-INF\lib\antlr-runtime-3.5.3.jar;c:\Users\DEV\.vscode\extensions\vmware.vscode-spring-boot-1.49.0\language-server\BOOT-INF\lib\antlr4-4.11.1.jar;c:\Users\DEV\.vscode\extensions\vmware.vscode-spring-boot-1.49.0\language-server\BOOT-INF\lib\antlr4-runtime-4.11.1.jar;c:\Users\DEV\.vscode\extensions\vmware.vscode-spring-boot-1.49.0\language-server\BOOT-INF\lib\archunit-1.1.0.jar;c:\Users\DEV\.vscode\extensions\vmware.vscode-spring-boot-1.49.0\language-server\BOOT-INF\lib\asm-9.5.jar;c:\Users\DEV\.vscode\extensions\vmware.vscode-spring-boot-1.49.0\language-server\BOOT-INF\lib\asm-analysis-9.5.jar;c:\Users\DEV\.vscode\extensions\vmware.vscode-spring-boot-1.49.0\language-server\BOOT-INF\lib\asm-tree-9.5.jar;c:\Users\DEV\.vscode\extensions\vmware.vscode-spring-boot-1.49.0\language-server\BOOT-INF\lib\asm-util-9.5.jar;c:\Users\DEV\.vscode\extensions\vmware.vscode-spring-boot-1.49.0\language-server\BOOT-INF\lib\bosh-language-server-1.49.0-SNAPSHOT.jar;c:\Users\DEV\.vscode\extensions\vmware.vscode-spring-boot-1.49.0\language-server\BOOT-INF\lib\caffeine-3.1.6.jar;c:\Users\DEV\.vscode\extensions\vmware.vscode-spring-boot-1.49.0\language-server\BOOT-INF\lib\checker-qual-3.12.0.jar;c:\Users\DEV\.vscode\extensions\vmware.vscode-spring-boot-1.49.0\language-server\BOOT-INF\lib\classgraph-4.8.149.jar;c:\Users\DEV\.vscode\extensions\vmware.vscode-spring-boot-1.49.0\language-server\BOOT-INF\lib\commons-codec-1.15.jar;c:\Users\DEV\.vscode\extensions\vmware.vscode-spring-boot-1.49.0\language-server\BOOT-INF\lib\commons-compress-1.23.0.jar;c:\Users\DEV\.vscode\extensions\vmware.vscode-spring-boot-1.49.0\language-server\BOOT-INF\lib\commons-io-2.4.jar;c:\Users\DEV\.v
Launcher Type: SUN_STANDARD

[Global flags]
     intx CICompilerCount                          = 4                                         {product} {ergonomic}
     uint ConcGCThreads                            = 2                                         {product} {ergonomic}
     uint G1ConcRefinementThreads                  = 8                                         {product} {ergonomic}
   size_t G1HeapRegionSize                         = 1048576                                   {product} {ergonomic}
    uintx GCDrainStackTargetSize                   = 64                                        {product} {ergonomic}
     bool HeapDumpOnOutOfMemoryError               = true                                   {manageable} {command line}
   size_t InitialHeapSize                          = 132120576                                 {product} {ergonomic}
   size_t MarkStackSize                            = 4194304                                   {product} {ergonomic}
   size_t MaxHeapSize                              = 1073741824                                {product} {command line}
   size_t MaxNewSize                               = 643825664                                 {product} {ergonomic}
   size_t MinHeapDeltaBytes                        = 1048576                                   {product} {ergonomic}
   size_t MinHeapSize                              = 8388608                                   {product} {ergonomic}
    uintx NonProfiledCodeHeapSize                  = 0                                      {pd product} {ergonomic}
     bool ProfileInterpreter                       = false                                  {pd product} {command line}
    uintx ProfiledCodeHeapSize                     = 0                                      {pd product} {ergonomic}
   size_t SoftMaxHeapSize                          = 1073741824                             {manageable} {ergonomic}
     intx TieredStopAtLevel                        = 1                                         {product} {command line}
     bool UseCompressedClassPointers               = true                           {product lp64_product} {ergonomic}
     bool UseCompressedOops                        = true                           {product lp64_product} {ergonomic}
     bool UseG1GC                                  = true                                      {product} {ergonomic}
     bool UseLargePagesIndividualAllocation        = false                                  {pd product} {ergonomic}

Logging:
Log output configuration:
 #0: stdout all=warning,jni+resolve=off uptime,level,tags
 #1: stderr all=off uptime,level,tags

Environment Variables:
PATH=C:\Program Files\Eclipse Adoptium\jdk-17.0.7.7-hotspot\bin;C:\Python311\Scripts\;C:\Python311\;C:\Program Files\Oculus\Support\oculus-runtime;C:\WINDOWS\system32;C:\WINDOWS;C:\WINDOWS\System32\Wbem;C:\WINDOWS\System32\WindowsPowerShell\v1.0\;C:\WINDOWS\System32\OpenSSH\;C:\WINDOWS\system32;C:\WINDOWS;C:\WINDOWS\System32\Wbem;C:\WINDOWS\System32\WindowsPowerShell\v1.0\;C:\WINDOWS\System32\OpenSSH\;C:\Program Files\dotnet\;C:\Program Files\Microsoft SQL Server\Client SDK\ODBC\170\Tools\Binn\;C:\Program Files\Microsoft SQL Server\130\Tools\Binn\;C:\Program Files\Git\cmd;C:\Program Files\nodejs\;C:\ProgramData\chocolatey\bin;C:\Program Files\MySQL\MySQL Shell 8.0\bin\;C:\Users\DEV\AppData\Local\Microsoft\WindowsApps;C:\Users\DEV\AppData\Local\Programs\Microsoft VS Code\bin;C:\Users\DEV\AppData\Local\GitHubDesktop\bin;C:\Users\DEV\.dotnet\tools;C:\Users\DEV\AppData\Local\gitkraken\bin;C:\Users\DEV\AppData\Local\Microsoft\WindowsApps;C:\Users\DEV\AppData\Roaming\npm;C:\Program Files\sf\bin
USERNAME=DEV
OS=Windows_NT
PROCESSOR_IDENTIFIER=Intel64 Family 6 Model 142 Stepping 12, GenuineIntel
TMP=C:\Users\DEV\AppData\Local\Temp
TEMP=C:\Users\DEV\AppData\Local\Temp



---------------  S Y S T E M  ---------------

OS:
 Windows 11 , 64 bit Build 22621 (10.0.22621.2215)
OS uptime: 0 days 3:02 hours

CPU: total 8 (initial active 8) (4 cores per cpu, 2 threads per core) family 6 model 142 stepping 12 microcode 0xde, cx8, cmov, fxsr, ht, mmx, 3dnowpref, sse, sse2, sse3, ssse3, sse4.1, sse4.2, popcnt, lzcnt, tsc, tscinvbit, avx, avx2, aes, erms, clmul, bmi1, bmi2, adx, fma, vzeroupper, clflush, clflushopt
Processor Information for all 8 processors :
  Max Mhz: 2304, Current Mhz: 1803, Mhz Limit: 1797

Memory: 4k page, system-wide physical 7976M (213M free)
TotalPageFile size 32552M (AvailPageFile size 5M)
current process WorkingSet (physical memory assigned to process): 59M, peak: 196M
current process commit charge ("private bytes"): 231M, peak: 243M

vm_info: OpenJDK 64-Bit Server VM (17.0.8.1+1) for windows-amd64 JRE (17.0.8.1+1), built on Aug 23 2023 15:29:17 by "admin" with MS VC++ 16.7 (VS2019)

END.
